2019-07-26 08:35:11 +0000 [MT] Initial pipeline context: <IDEDistributionProcessingPipelineContext: 0x7fe1adb7f040; archive(resolved)='<IDEArchive: 0x7fe1ade8f340>', distributionTask(resolved)='2', distributionDestination(resolved)='1', distributionMethod(resolved)='<IDEDistributionMethodDevelopmentSigned: 0x7fe1a8d123e0>', team(resolved)='<IDEProvisioningBasicTeam: 0x7fe1adb57e50; teamID='388BS6T9AR', teamName='(null)'>'>
	Chain (11, self inclusive):
	<IDEDistributionProcessingPipelineContext: 0x7fe1adb7f040; archive = '<IDEArchive: 0x7fe1ade8f340>', distributionMethod='<IDEDistributionMethodDevelopmentSigned: 0x7fe1a8d123e0>', team='<IDEProvisioningBasicTeam: 0x7fe1adb57e50; teamID='388BS6T9AR', teamName='(null)'>'>
	<IDEDistributionProcessingPipelineContext: 0x7fe1adb7c7b0; archive = '<IDEArchive: 0x7fe1ade8f340>', distributionMethod='<IDEDistributionMethodDevelopmentSigned: 0x7fe1a8d123e0>', team='<IDEProvisioningBasicTeam: 0x7fe1adb57e50; teamID='388BS6T9AR', teamName='(null)'>'>
	<IDEDistributionContext: 0x7fe1adb7c430; archive = '<IDEArchive: 0x7fe1ade8f340>', distributionMethod='<IDEDistributionMethodDevelopmentSigned: 0x7fe1a8d123e0>', team='<IDEProvisioningBasicTeam: 0x7fe1adb57e50; teamID='388BS6T9AR', teamName='(null)'>'>
	<IDEDistributionContext: 0x7fe1adb745a0; archive = '<IDEArchive: 0x7fe1ade8f340>', distributionMethod='<IDEDistributionMethodDevelopmentSigned: 0x7fe1a8d123e0>', team='<IDEProvisioningBasicTeam: 0x7fe1adb57e50; teamID='388BS6T9AR', teamName='(null)'>'>
	<IDEDistributionContext: 0x7fe1adb72e10; archive = '<IDEArchive: 0x7fe1ade8f340>', distributionMethod='<IDEDistributionMethodDevelopmentSigned: 0x7fe1a8d123e0>', team='<IDEProvisioningBasicTeam: 0x7fe1adb57e50; teamID='388BS6T9AR', teamName='(null)'>'>
	<IDEDistributionContext: 0x7fe1adb71ad0; archive = '<IDEArchive: 0x7fe1ade8f340>', distributionMethod='<IDEDistributionMethodDevelopmentSigned: 0x7fe1a8d123e0>', team='<IDEProvisioningBasicTeam: 0x7fe1adb57e50; teamID='388BS6T9AR', teamName='(null)'>'>
	<IDEDistributionContext: 0x7fe1adb6c710; archive = '<IDEArchive: 0x7fe1ade8f340>', distributionMethod='<IDEDistributionMethodDevelopmentSigned: 0x7fe1a8d123e0>', team='<IDEProvisioningBasicTeam: 0x7fe1adb57e50; teamID='388BS6T9AR', teamName='(null)'>'>
	<IDEDistributionContext: 0x7fe1adb6ba20; archive = '<IDEArchive: 0x7fe1ade8f340>', distributionMethod='<IDEDistributionMethodDevelopmentSigned: 0x7fe1a8d123e0>', team='<IDEProvisioningBasicTeam: 0x7fe1adb57e50; teamID='388BS6T9AR', teamName='(null)'>'>
	<IDEDistributionContext: 0x7fe1aa691f90; archive = '<IDEArchive: 0x7fe1ade8f340>', distributionMethod='<IDEDistributionMethodDevelopmentSigned: 0x7fe1a8d123e0>', team='<IDEProvisioningBasicTeam: 0x7fe1adb57e50; teamID='388BS6T9AR', teamName='(null)'>'>
	<IDEDistributionContext: 0x7fe1aa44b900; archive = '<IDEArchive: 0x7fe1ade8f340>', distributionMethod='<IDEDistributionMethodDevelopmentSigned: 0x7fe1a8d123e0>', team='(null)'>
	<IDEDistributionContext: 0x7fe1ade90000; archive = '<IDEArchive: 0x7fe1ade8f340>', distributionMethod='(null)', team='(null)'>
</IDEDistributionProcessingPipelineContext: 0x7fe1adb7f040>
2019-07-26 08:35:11 +0000 [MT] Processing step: IDEDistributionCreateDestRootStep
2019-07-26 08:35:11 +0000 [MT] Processing step: IDEDistributionCopyItemStep
2019-07-26 08:35:11 +0000 [MT] Running /usr/bin/ditto '-V' '/Users/zjyn/Desktop/jenkinsArc/jenkinsStu/archive/jenkinsStu.xcarchive/Products/Applications/jenkinsStu.app' '/var/folders/xc/xsjqklxx4wq1k7xlhgy5llzr0000gn/T/XcodeDistPipeline.~~~j4kJ8X/Root/Payload/jenkinsStu.app'
2019-07-26 08:35:11 +0000  >>> Copying /Users/zjyn/Desktop/jenkinsArc/jenkinsStu/archive/jenkinsStu.xcarchive/Products/Applications/jenkinsStu.app 
2019-07-26 08:35:11 +0000  copying file ./_CodeSignature/CodeResources ... 
2019-07-26 08:35:11 +0000  3895 bytes for ./_CodeSignature/CodeResources
2019-07-26 08:35:11 +0000  copying file ./jenkinsStu ... 
2019-07-26 08:35:11 +0000  1492848 bytes for ./jenkinsStu
2019-07-26 08:35:11 +0000  copying file ./Base.lproj/Main.storyboardc/UIViewController-BYZ-38-t0r.nib ... 
2019-07-26 08:35:11 +0000  916 bytes for ./Base.lproj/Main.storyboardc/UIViewController-BYZ-38-t0r.nib
copying file ./Base.lproj/Main.storyboardc/BYZ-38-t0r-view-8bC-Xf-vdC.nib ... 
2019-07-26 08:35:11 +0000  1136 bytes for ./Base.lproj/Main.storyboardc/BYZ-38-t0r-view-8bC-Xf-vdC.nib
copying file ./Base.lproj/Main.storyboardc/Info.plist ... 
2019-07-26 08:35:11 +0000  258 bytes for ./Base.lproj/Main.storyboardc/Info.plist
2019-07-26 08:35:11 +0000  copying file ./Base.lproj/LaunchScreen.storyboardc/01J-lp-oVM-view-Ze5-6b-2t3.nib ... 
2019-07-26 08:35:11 +0000  1136 bytes for ./Base.lproj/LaunchScreen.storyboardc/01J-lp-oVM-view-Ze5-6b-2t3.nib
copying file ./Base.lproj/LaunchScreen.storyboardc/UIViewController-01J-lp-oVM.nib ... 
2019-07-26 08:35:11 +0000  832 bytes for ./Base.lproj/LaunchScreen.storyboardc/UIViewController-01J-lp-oVM.nib
copying file ./Base.lproj/LaunchScreen.storyboardc/Info.plist ... 
2019-07-26 08:35:11 +0000  258 bytes for ./Base.lproj/LaunchScreen.storyboardc/Info.plist
2019-07-26 08:35:11 +0000  copying file ./embedded.mobileprovision ... 
2019-07-26 08:35:11 +0000  12618 bytes for ./embedded.mobileprovision
copying file ./Info.plist ... 
2019-07-26 08:35:11 +0000  1113 bytes for ./Info.plist
copying file ./PkgInfo ... 
2019-07-26 08:35:11 +0000  8 bytes for ./PkgInfo
2019-07-26 08:35:11 +0000 [MT] /usr/bin/ditto exited with 0
2019-07-26 08:35:11 +0000 [MT] Processing step: IDEDistributionEmbedProfileStep
2019-07-26 08:35:11 +0000 [MT] Processing step: IDEDistributionAppThinningPlistStep
2019-07-26 08:35:11 +0000 [MT] Skipping step: IDEDistributionAppThinningPlistStep because it said so
2019-07-26 08:35:11 +0000 [MT] Processing step: IDEDistributionCompileBitcodeStep
2019-07-26 08:35:11 +0000 [MT] Running /Applications/Xcode.app/Contents/Developer/usr/bin/ipatool '/var/folders/xc/xsjqklxx4wq1k7xlhgy5llzr0000gn/T/XcodeDistPipeline.~~~j4kJ8X/Root' '--json' '/var/folders/xc/xsjqklxx4wq1k7xlhgy5llzr0000gn/T/ipatool-json-filepath-~~~yCXfvW' '--compile-bitcode' '--output' '/var/folders/xc/xsjqklxx4wq1k7xlhgy5llzr0000gn/T/IDEIPAProcessor.AppThinning.~~~it0Yjb' '--toolchain' '/Applications/Xcode.app/Contents/Developer/Toolchains/XcodeDefault.xctoolchain/usr' '--platforms' '/Applications/Xcode.app/Contents/Developer/Platforms' '--app-store-tools-build-version' '10E1001'
2019-07-26 08:35:11 +0000  ruby 2.3.7p456 (2018-03-28 revision 63024) [universal.x86_64-darwin18]
2019-07-26 08:35:11 +0000  /Applications/Xcode.app/Contents/Developer/usr/bin/ipatool:3164: warning: shadowing outer local variable - c
/Applications/Xcode.app/Contents/Developer/usr/bin/ipatool:3170: warning: shadowing outer local variable - c
/Applications/Xcode.app/Contents/Developer/usr/bin/ipatool:3173: warning: shadowing outer local variable - c
2019-07-26 08:35:11 +0000  /Applications/Xcode.app/Contents/Developer/usr/bin/ipatool:3163: warning: assigned but unused variable - prod
2019-07-26 08:35:12 +0000  /System/Library/Frameworks/Ruby.framework/Versions/2.3/usr/lib/ruby/gems/2.3.0/gems/libxml-ruby-2.9.0/lib/libxml/schema/type.rb:8: warning: method redefined; discarding old annotation
2019-07-26 08:35:12 +0000  /System/Library/Frameworks/Ruby.framework/Versions/2.3/usr/lib/ruby/gems/2.3.0/gems/libxml-ruby-2.9.0/lib/libxml/schema/element.rb:18: warning: method redefined; discarding old annotation
2019-07-26 08:35:12 +0000  OS X 10.14.3 18D42
2019-07-26 08:35:12 +0000  ENV: {"TERM_SESSION_ID"=>"5BD7ECE2-55A8-4A60-823E-5F632AF5C2E5", "SSH_AUTH_SOCK"=>"/private/tmp/com.apple.launchd.psMUp7hW2f/Listeners", "OLDPWD"=>"/Users/zjyn", "Apple_PubSub_Socket_Render"=>"/private/tmp/com.apple.launchd.AKUSes6T82/Render", "XPC_FLAGS"=>"0x0", "LANG"=>"zh_CN.UTF-8", "PWD"=>"/Users/zjyn/Desktop/jenkinsArc/jenkinsStu/archive", "SHELL"=>"/bin/bash", "SECURITYSESSIONID"=>"18726", "TERM_PROGRAM_VERSION"=>"421.1", "TERM_PROGRAM"=>"Apple_Terminal", "PATH"=>"/Applications/Xcode.app/Contents/Developer/Toolchains/XcodeDefault.xctoolchain/usr/bin:/Applications/Xcode.app/Contents/Developer/Toolchains/XcodeDefault.xctoolchain/usr/local/bin:/Applications/Xcode.app/Contents/Developer/Toolchains/XcodeDefault.xctoolchain/usr/libexec:/Applications/Xcode.app/Contents/Developer/usr/bin:/Applications/Xcode.app/Contents/Developer/usr/local/bin:/Applications/Xcode.app/Contents/Developer/Tools:/usr/bin:/bin:/usr/sbin:/sbin", "SHLVL"=>"1", "TERM"=>"xterm-256color", "_"=>"/usr/bin/xcodebuild", "HOME"=>"/Users/zjyn", "TMPDIR"=>"/var/folders/xc/xsjqklxx4wq1k7xlhgy5llzr0000gn/T/", "USER"=>"zjyn", "XPC_SERVICE_NAME"=>"0", "LOGNAME"=>"zjyn", "__CF_USER_TEXT_ENCODING"=>"0x1F5:0x19:0x34"}
ARGV: ["/var/folders/xc/xsjqklxx4wq1k7xlhgy5llzr0000gn/T/XcodeDistPipeline.~~~j4kJ8X/Root", "--json", "/var/folders/xc/xsjqklxx4wq1k7xlhgy5llzr0000gn/T/ipatool-json-filepath-~~~yCXfvW", "--compile-bitcode", "--output", "/var/folders/xc/xsjqklxx4wq1k7xlhgy5llzr0000gn/T/IDEIPAProcessor.AppThinning.~~~it0Yjb", "--toolchain", "/Applications/Xcode.app/Contents/Developer/Toolchains/XcodeDefault.xctoolchain/usr", "--platforms", "/Applications/Xcode.app/Contents/Developer/Platforms", "--app-store-tools-build-version", "10E1001"]
2019-07-26 08:35:12 +0000  ---
IPA contents:
2019-07-26 08:35:12 +0000  /var/folders/xc/xsjqklxx4wq1k7xlhgy5llzr0000gn/T/XcodeDistPipeline.~~~j4kJ8X/Root
/var/folders/xc/xsjqklxx4wq1k7xlhgy5llzr0000gn/T/XcodeDistPipeline.~~~j4kJ8X/Root/Payload
/var/folders/xc/xsjqklxx4wq1k7xlhgy5llzr0000gn/T/XcodeDistPipeline.~~~j4kJ8X/Root/Payload/jenkinsStu.app
/var/folders/xc/xsjqklxx4wq1k7xlhgy5llzr0000gn/T/XcodeDistPipeline.~~~j4kJ8X/Root/Payload/jenkinsStu.app/Base.lproj
/var/folders/xc/xsjqklxx4wq1k7xlhgy5llzr0000gn/T/XcodeDistPipeline.~~~j4kJ8X/Root/Payload/jenkinsStu.app/Base.lproj/LaunchScreen.storyboardc
/var/folders/xc/xsjqklxx4wq1k7xlhgy5llzr0000gn/T/XcodeDistPipeline.~~~j4kJ8X/Root/Payload/jenkinsStu.app/Base.lproj/LaunchScreen.storyboardc/01J-lp-oVM-view-Ze5-6b-2t3.nib
/var/folders/xc/xsjqklxx4wq1k7xlhgy5llzr0000gn/T/XcodeDistPipeline.~~~j4kJ8X/Root/Payload/jenkinsStu.app/Base.lproj/LaunchScreen.storyboardc/Info.plist
/var/folders/xc/xsjqklxx4wq1k7xlhgy5llzr0000gn/T/XcodeDistPipeline.~~~j4kJ8X/Root/Payload/jenkinsStu.app/Base.lproj/LaunchScreen.storyboardc/UIViewController-01J-lp-oVM.nib
/var/folders/xc/xsjqklxx4wq1k7xlhgy5llzr0000gn/T/XcodeDistPipeline.~~~j4kJ8X/Root/Payload/jenkinsStu.app/Base.lproj/Main.storyboardc
/var/folders/xc/xsjqklxx4wq1k7xlhgy5llzr0000gn/T/XcodeDistPipeline.~~~j4kJ8X/Root/Payload/jenkinsStu.app/Base.lproj/Main.storyboardc/BYZ-38-t0r-view-8bC-Xf-vdC.nib
/var/folders/xc/xsjqklxx4wq1k7xlhgy5llzr0000gn/T/XcodeDistPipeline.~~~j4kJ8X/Root/Payload/jenkinsStu.app/Base.lproj/Main.storyboardc/Info.plist
/var/folders/xc/xsjqklxx4wq1k7xlhgy5llzr0000gn/T/XcodeDistPipeline.~~~j4kJ8X/Root/Payload/jenkinsStu.app/Base.lproj/Main.storyboardc/UIViewController-BYZ-38-t0r.nib
/var/folders/xc/xsjqklxx4wq1k7xlhgy5llzr0000gn/T/XcodeDistPipeline.~~~j4kJ8X/Root/Payload/jenkinsStu.app/Info.plist
/var/folders/xc/xsjqklxx4wq1k7xlhgy5llzr0000gn/T/XcodeDistPipeline.~~~j4kJ8X/Root/Payload/jenkinsStu.app/PkgInfo
/var/folders/xc/xsjqklxx4wq1k7xlhgy5llzr0000gn/T/XcodeDistPipeline.~~~j4kJ8X/Root/Payload/jenkinsStu.app/_CodeSignature
/var/folders/xc/xsjqklxx4wq1k7xlhgy5llzr0000gn/T/XcodeDistPipeline.~~~j4kJ8X/Root/Payload/jenkinsStu.app/_CodeSignature/CodeResources
/var/folders/xc/xsjqklxx4wq1k7xlhgy5llzr0000gn/T/XcodeDistPipeline.~~~j4kJ8X/Root/Payload/jenkinsStu.app/embedded.mobileprovision
/var/folders/xc/xsjqklxx4wq1k7xlhgy5llzr0000gn/T/XcodeDistPipeline.~~~j4kJ8X/Root/Payload/jenkinsStu.app/jenkinsStu
---
2019-07-26 08:35:12 +0000  warning: Configuration issue: platform AppleTVSimulator.platform doesn't have any non-simulator SDKs; ignoring it
2019-07-26 08:35:12 +0000  warning: Configuration issue: platform WatchSimulator.platform doesn't have any non-simulator SDKs; ignoring it
2019-07-26 08:35:12 +0000  warning: Configuration issue: platform iPhoneSimulator.platform doesn't have any non-simulator SDKs; ignoring it
2019-07-26 08:35:12 +0000  Scanning IPA...
2019-07-26 08:35:12 +0000  /usr/bin/file -b -- /var/folders/xc/xsjqklxx4wq1k7xlhgy5llzr0000gn/T/XcodeDistPipeline.\~\~\~j4kJ8X/Root/Payload/jenkinsStu.app/Base.lproj/LaunchScreen.storyboardc/01J-lp-oVM-view-Ze5-6b-2t3.nib
2019-07-26 08:35:12 +0000      Command exited with pid 10907 exit 0:
    /usr/bin/file -b -- /var/folders/xc/xsjqklxx4wq1k7xlhgy5llzr0000gn/T/XcodeDistPipeline.\~\~\~j4kJ8X/Root/Payload/jenkinsStu.app/Base.lproj/LaunchScreen.storyboardc/01J-lp-oVM-view-Ze5-6b-2t3.nib
    Stdout:
        data
    
    Stderr:
    
2019-07-26 08:35:12 +0000  /usr/bin/file -b -- /var/folders/xc/xsjqklxx4wq1k7xlhgy5llzr0000gn/T/XcodeDistPipeline.\~\~\~j4kJ8X/Root/Payload/jenkinsStu.app/Base.lproj/LaunchScreen.storyboardc/Info.plist
2019-07-26 08:35:12 +0000      Command exited with pid 10908 exit 0:
    /usr/bin/file -b -- /var/folders/xc/xsjqklxx4wq1k7xlhgy5llzr0000gn/T/XcodeDistPipeline.\~\~\~j4kJ8X/Root/Payload/jenkinsStu.app/Base.lproj/LaunchScreen.storyboardc/Info.plist
    Stdout:
        Apple binary property list
    
    Stderr:
    
2019-07-26 08:35:12 +0000  /usr/bin/file -b -- /var/folders/xc/xsjqklxx4wq1k7xlhgy5llzr0000gn/T/XcodeDistPipeline.\~\~\~j4kJ8X/Root/Payload/jenkinsStu.app/Base.lproj/LaunchScreen.storyboardc/UIViewController-01J-lp-oVM.nib
2019-07-26 08:35:12 +0000      Command exited with pid 10909 exit 0:
    /usr/bin/file -b -- /var/folders/xc/xsjqklxx4wq1k7xlhgy5llzr0000gn/T/XcodeDistPipeline.\~\~\~j4kJ8X/Root/Payload/jenkinsStu.app/Base.lproj/LaunchScreen.storyboardc/UIViewController-01J-lp-oVM.nib
    Stdout:
        data
    
    Stderr:
    
2019-07-26 08:35:12 +0000  /usr/bin/file -b -- /var/folders/xc/xsjqklxx4wq1k7xlhgy5llzr0000gn/T/XcodeDistPipeline.\~\~\~j4kJ8X/Root/Payload/jenkinsStu.app/Base.lproj/Main.storyboardc/BYZ-38-t0r-view-8bC-Xf-vdC.nib
2019-07-26 08:35:12 +0000      Command exited with pid 10911 exit 0:
    /usr/bin/file -b -- /var/folders/xc/xsjqklxx4wq1k7xlhgy5llzr0000gn/T/XcodeDistPipeline.\~\~\~j4kJ8X/Root/Payload/jenkinsStu.app/Base.lproj/Main.storyboardc/BYZ-38-t0r-view-8bC-Xf-vdC.nib
    Stdout:
        data
    
    Stderr:
    
2019-07-26 08:35:12 +0000  /usr/bin/file -b -- /var/folders/xc/xsjqklxx4wq1k7xlhgy5llzr0000gn/T/XcodeDistPipeline.\~\~\~j4kJ8X/Root/Payload/jenkinsStu.app/Base.lproj/Main.storyboardc/Info.plist
2019-07-26 08:35:12 +0000      Command exited with pid 10912 exit 0:
    /usr/bin/file -b -- /var/folders/xc/xsjqklxx4wq1k7xlhgy5llzr0000gn/T/XcodeDistPipeline.\~\~\~j4kJ8X/Root/Payload/jenkinsStu.app/Base.lproj/Main.storyboardc/Info.plist
    Stdout:
        Apple binary property list
    
    Stderr:
    
2019-07-26 08:35:12 +0000  /usr/bin/file -b -- /var/folders/xc/xsjqklxx4wq1k7xlhgy5llzr0000gn/T/XcodeDistPipeline.\~\~\~j4kJ8X/Root/Payload/jenkinsStu.app/Base.lproj/Main.storyboardc/UIViewController-BYZ-38-t0r.nib
2019-07-26 08:35:12 +0000      Command exited with pid 10913 exit 0:
    /usr/bin/file -b -- /var/folders/xc/xsjqklxx4wq1k7xlhgy5llzr0000gn/T/XcodeDistPipeline.\~\~\~j4kJ8X/Root/Payload/jenkinsStu.app/Base.lproj/Main.storyboardc/UIViewController-BYZ-38-t0r.nib
    Stdout:
        data
    
    Stderr:
    
2019-07-26 08:35:12 +0000  /usr/bin/file -b -- /var/folders/xc/xsjqklxx4wq1k7xlhgy5llzr0000gn/T/XcodeDistPipeline.\~\~\~j4kJ8X/Root/Payload/jenkinsStu.app/Info.plist
2019-07-26 08:35:12 +0000      Command exited with pid 10914 exit 0:
    /usr/bin/file -b -- /var/folders/xc/xsjqklxx4wq1k7xlhgy5llzr0000gn/T/XcodeDistPipeline.\~\~\~j4kJ8X/Root/Payload/jenkinsStu.app/Info.plist
    Stdout:
        Apple binary property list
    
    Stderr:
    
2019-07-26 08:35:12 +0000  /usr/bin/file -b -- /var/folders/xc/xsjqklxx4wq1k7xlhgy5llzr0000gn/T/XcodeDistPipeline.\~\~\~j4kJ8X/Root/Payload/jenkinsStu.app/PkgInfo
2019-07-26 08:35:12 +0000      Command exited with pid 10915 exit 0:
    /usr/bin/file -b -- /var/folders/xc/xsjqklxx4wq1k7xlhgy5llzr0000gn/T/XcodeDistPipeline.\~\~\~j4kJ8X/Root/Payload/jenkinsStu.app/PkgInfo
    Stdout:
        ASCII text, with no line terminators
    
    Stderr:
    
2019-07-26 08:35:12 +0000  /usr/bin/file -b -- /var/folders/xc/xsjqklxx4wq1k7xlhgy5llzr0000gn/T/XcodeDistPipeline.\~\~\~j4kJ8X/Root/Payload/jenkinsStu.app/_CodeSignature/CodeResources
2019-07-26 08:35:12 +0000      Command exited with pid 10916 exit 0:
    /usr/bin/file -b -- /var/folders/xc/xsjqklxx4wq1k7xlhgy5llzr0000gn/T/XcodeDistPipeline.\~\~\~j4kJ8X/Root/Payload/jenkinsStu.app/_CodeSignature/CodeResources
    Stdout:
        XML 1.0 document text, ASCII text
    
    Stderr:
    
2019-07-26 08:35:12 +0000  /usr/bin/file -b -- /var/folders/xc/xsjqklxx4wq1k7xlhgy5llzr0000gn/T/XcodeDistPipeline.\~\~\~j4kJ8X/Root/Payload/jenkinsStu.app/embedded.mobileprovision
2019-07-26 08:35:12 +0000      Command exited with pid 10917 exit 0:
    /usr/bin/file -b -- /var/folders/xc/xsjqklxx4wq1k7xlhgy5llzr0000gn/T/XcodeDistPipeline.\~\~\~j4kJ8X/Root/Payload/jenkinsStu.app/embedded.mobileprovision
    Stdout:
        data
    
    Stderr:
    
2019-07-26 08:35:12 +0000  /usr/bin/file -b -- /var/folders/xc/xsjqklxx4wq1k7xlhgy5llzr0000gn/T/XcodeDistPipeline.\~\~\~j4kJ8X/Root/Payload/jenkinsStu.app/jenkinsStu
2019-07-26 08:35:12 +0000      Command exited with pid 10918 exit 0:
    /usr/bin/file -b -- /var/folders/xc/xsjqklxx4wq1k7xlhgy5llzr0000gn/T/XcodeDistPipeline.\~\~\~j4kJ8X/Root/Payload/jenkinsStu.app/jenkinsStu
    Stdout:
        Mach-O 64-bit executable arm64
    
    Stderr:
    
2019-07-26 08:35:12 +0000  /Applications/Xcode.app/Contents/Developer/Toolchains/XcodeDefault.xctoolchain/usr/bin/lipo -info /var/folders/xc/xsjqklxx4wq1k7xlhgy5llzr0000gn/T/XcodeDistPipeline.\~\~\~j4kJ8X/Root/Payload/jenkinsStu.app/jenkinsStu
2019-07-26 08:35:12 +0000      Command exited with pid 10919 exit 0:
    /Applications/Xcode.app/Contents/Developer/Toolchains/XcodeDefault.xctoolchain/usr/bin/lipo -info /var/folders/xc/xsjqklxx4wq1k7xlhgy5llzr0000gn/T/XcodeDistPipeline.\~\~\~j4kJ8X/Root/Payload/jenkinsStu.app/jenkinsStu
    Stdout:
        Non-fat file: /var/folders/xc/xsjqklxx4wq1k7xlhgy5llzr0000gn/T/XcodeDistPipeline.~~~j4kJ8X/Root/Payload/jenkinsStu.app/jenkinsStu is architecture: arm64
    
    Stderr:
    
2019-07-26 08:35:12 +0000  /Applications/Xcode.app/Contents/Developer/Toolchains/XcodeDefault.xctoolchain/usr/bin/otool -h -v -m -arch all /var/folders/xc/xsjqklxx4wq1k7xlhgy5llzr0000gn/T/XcodeDistPipeline.\~\~\~j4kJ8X/Root/Payload/jenkinsStu.app/jenkinsStu
2019-07-26 08:35:12 +0000      Command exited with pid 10920 exit 0:
    /Applications/Xcode.app/Contents/Developer/Toolchains/XcodeDefault.xctoolchain/usr/bin/otool -h -v -m -arch all /var/folders/xc/xsjqklxx4wq1k7xlhgy5llzr0000gn/T/XcodeDistPipeline.\~\~\~j4kJ8X/Root/Payload/jenkinsStu.app/jenkinsStu
    Stdout:
        Mach header
              magic cputype cpusubtype  caps    filetype ncmds sizeofcmds      flags
        MH_MAGIC_64   ARM64        ALL  0x00     EXECUTE    28       3992   NOUNDEFS DYLDLINK TWOLEVEL PIE
    
    Stderr:
    
2019-07-26 08:35:12 +0000  /Applications/Xcode.app/Contents/Developer/Toolchains/XcodeDefault.xctoolchain/usr/bin/otool -l -v -m -arch arm64 /var/folders/xc/xsjqklxx4wq1k7xlhgy5llzr0000gn/T/XcodeDistPipeline.\~\~\~j4kJ8X/Root/Payload/jenkinsStu.app/jenkinsStu
2019-07-26 08:35:12 +0000      Command exited with pid 10922 exit 0:
    /Applications/Xcode.app/Contents/Developer/Toolchains/XcodeDefault.xctoolchain/usr/bin/otool -l -v -m -arch arm64 /var/folders/xc/xsjqklxx4wq1k7xlhgy5llzr0000gn/T/XcodeDistPipeline.\~\~\~j4kJ8X/Root/Payload/jenkinsStu.app/jenkinsStu
    Stdout:
        /var/folders/xc/xsjqklxx4wq1k7xlhgy5llzr0000gn/T/XcodeDistPipeline.~~~j4kJ8X/Root/Payload/jenkinsStu.app/jenkinsStu:
        Mach header
              magic cputype cpusubtype  caps    filetype ncmds sizeofcmds      flags
        MH_MAGIC_64   ARM64        ALL  0x00     EXECUTE    28       3992   NOUNDEFS DYLDLINK TWOLEVEL PIE
        Load command 0
              cmd LC_SEGMENT_64
          cmdsize 72
          segname __PAGEZERO
           vmaddr 0x0000000000000000
           vmsize 0x0000000100000000
          fileoff 0
         filesize 0
          maxprot ---
         initprot ---
           nsects 0
            flags (none)
        Load command 1
              cmd LC_SEGMENT_64
          cmdsize 952
          segname __TEXT
           vmaddr 0x0000000100000000
           vmsize 0x0000000000030000
          fileoff 0
         filesize 196608
          maxprot r-x
         initprot r-x
           nsects 11
            flags (none)
        Section
          sectname __text
           segname __TEXT
              addr 0x0000000100005e50
              size 0x000000000001e608
            offset 24144
             align 2^2 (4)
            reloff 0
            nreloc 0
              type S_REGULAR
        attributes PURE_INSTRUCTIONS SOME_INSTRUCTIONS
         reserved1 0
         reserved2 0
        Section
          sectname __stubs
           segname __TEXT
              addr 0x0000000100024458
              size 0x0000000000000558
            offset 148568
             align 2^2 (4)
            reloff 0
            nreloc 0
              type S_SYMBOL_STUBS
        attributes PURE_INSTRUCTIONS SOME_INSTRUCTIONS
         reserved1 0 (index into indirect symbol table)
         reserved2 12 (size of stubs)
        Section
          sectname __stub_helper
           segname __TEXT
              addr 0x00000001000249b0
              size 0x0000000000000570
            offset 149936
             align 2^2 (4)
            reloff 0
            nreloc 0
              type S_REGULAR
        attributes PURE_INSTRUCTIONS SOME_INSTRUCTIONS
         reserved1 0
         reserved2 0
        Section
          sectname __objc_methname
           segname __TEXT
              addr 0x0000000100024f20
              size 0x0000000000005a74
            offset 151328
             align 2^0 (1)
            reloff 0
            nreloc 0
              type S_CSTRING_LITERALS
        attributes (none)
         reserved1 0
         reserved2 0
        Section
          sectname __objc_classname
           segname __TEXT
              addr 0x000000010002a994
              size 0x00000000000004ae
            offset 174484
             align 2^0 (1)
            reloff 0
            nreloc 0
              type S_CSTRING_LITERALS
        attributes (none)
         reserved1 0
         reserved2 0
        Section
          sectname __objc_methtype
           segname __TEXT
              addr 0x000000010002ae42
              size 0x00000000000017ca
            offset 175682
             align 2^0 (1)
            reloff 0
            nreloc 0
              type S_CSTRING_LITERALS
        attributes (none)
         reserved1 0
         reserved2 0
        Section
          sectname __cstring
           segname __TEXT
              addr 0x000000010002c60c
              size 0x0000000000002b02
            offset 181772
             align 2^0 (1)
            reloff 0
            nreloc 0
              type S_CSTRING_LITERALS
        attributes (none)
         reserved1 0
         reserved2 0
        Section
          sectname __const
           segname __TEXT
              addr 0x000000010002f110
              size 0x0000000000000038
            offset 192784
             align 2^3 (8)
            reloff 0
            nreloc 0
              type S_REGULAR
        at
2019-07-26 08:35:12 +0000  tributes (none)
         reserved1 0
         reserved2 0
        Section
          sectname __gcc_except_tab
           segname __TEXT
              addr 0x000000010002f148
              size 0x0000000000000664
            offset 192840
             align 2^2 (4)
            reloff 0
            nreloc 0
              type S_REGULAR
        attributes (none)
         reserved1 0
         reserved2 0
        Section
          sectname __unwind_info
           segname __TEXT
              addr 0x000000010002f7ac
              size 0x00000000000007dc
            offset 194476
             align 2^2 (4)
            reloff 0
            nreloc 0
              type S_REGULAR
        attributes (none)
         reserved1 0
         reserved2 0
        Section
          sectname __eh_frame
           segname __TEXT
              addr 0x000000010002ff88
              size 0x0000000000000078
            offset 196488
             align 2^3 (8)
            reloff 0
            nreloc 0
              type S_REGULAR
        attributes (none)
         reserved1 0
         reserved2 0
        Load command 2
              cmd LC_SEGMENT_64
          cmdsize 1512
          segname __DATA
           vmaddr 0x0000000100030000
           vmsize 0x0000000000010000
          fileoff 196608
         filesize 65536
          maxprot rw-
         initprot rw-
           nsects 18
            flags (none)
        Section
          sectname __got
           segname __DATA
              addr 0x0000000100030000
              size 0x00000000000000e8
            offset 196608
             align 2^3 (8)
            reloff 0
            nreloc 0
              type S_NON_LAZY_SYMBOL_POINTERS
        attributes (none)
         reserved1 114 (index into indirect symbol table)
         reserved2 0
        Section
          sectname __la_symbol_ptr
           segname __DATA
              addr 0x00000001000300e8
              size 0x0000000000000390
            offset 196840
             align 2^3 (8)
            reloff 0
            nreloc 0
              type S_LAZY_SYMBOL_POINTERS
        attributes (none)
         reserved1 143 (index into indirect symbol table)
         reserved2 0
        Section
          sectname __const
           segname __DATA
              addr 0x0000000100030480
              size 0x0000000000000820
            offset 197760
             align 2^4 (16)
            reloff 0
            nreloc 0
              type S_REGULAR
        attributes (none)
         reserved1 0
         reserved2 0
        Section
          sectname __cfstring
           segname __DATA
              addr 0x0000000100030ca0
              size 0x0000000000000fe0
            offset 199840
             align 2^3 (8)
            reloff 0
            nreloc 0
              type S_REGULAR
        attributes (none)
         reserved1 0
         reserved2 0
        Section
          sectname __objc_classlist
           segname __DATA
              addr 0x0000000100031c80
              size 0x0000000000000100
            offset 203904
             align 2^3 (8)
            reloff 0
            nreloc 0
              type S_REGULAR
        attributes NO_DEAD_STRIP
         reserved1 0
         reserved2 0
        Section
          sectname __objc_nlclslist
           segname __DATA
              addr 0x0000000100031d80
              size 0x0000000000000008
            offset 204160
             align 2^3 (8)
            reloff 0
            nreloc 0
              type S_REGULAR
        attributes NO_DEAD_STRIP
         reserved1 0
         reserved2 0
        Section
          sectname __objc_catlist
           segname __DATA
              addr 0x0000000100031d88
              size 0x0000000000000050
            offset 204168
             align 2^3 (8)
            reloff 0
            nreloc 0
              type S_REGULAR
        attributes NO_DEAD_STRIP
         reserved1 0
         reserved2 0
        Section
          sectname __objc_protolist
           segname __DATA
              addr 0x0000000100031dd8
              size 0x0000000000000078
            offset 2
2019-07-26 08:35:12 +0000  04248
             align 2^3 (8)
            reloff 0
            nreloc 0
              type S_REGULAR
        attributes (none)
         reserved1 0
         reserved2 0
        Section
          sectname __objc_imageinfo
           segname __DATA
              addr 0x0000000100031e50
              size 0x0000000000000008
            offset 204368
             align 2^2 (4)
            reloff 0
            nreloc 0
              type S_REGULAR
        attributes (none)
         reserved1 0
         reserved2 0
        Section
          sectname __objc_const
           segname __DATA
              addr 0x0000000100031e58
              size 0x0000000000009090
            offset 204376
             align 2^3 (8)
            reloff 0
            nreloc 0
              type S_REGULAR
        attributes (none)
         reserved1 0
         reserved2 0
        Section
          sectname __objc_selrefs
           segname __DATA
              addr 0x000000010003aee8
              size 0x0000000000001438
            offset 241384
             align 2^3 (8)
            reloff 0
            nreloc 0
              type S_LITERAL_POINTERS
        attributes NO_DEAD_STRIP
         reserved1 0
         reserved2 0
        Section
          sectname __objc_protorefs
           segname __DATA
              addr 0x000000010003c320
              size 0x0000000000000010
            offset 246560
             align 2^3 (8)
            reloff 0
            nreloc 0
              type S_REGULAR
        attributes (none)
         reserved1 0
         reserved2 0
        Section
          sectname __objc_classrefs
           segname __DATA
              addr 0x000000010003c330
              size 0x0000000000000210
            offset 246576
             align 2^3 (8)
            reloff 0
            nreloc 0
              type S_REGULAR
        attributes NO_DEAD_STRIP
         reserved1 0
         reserved2 0
        Section
          sectname __objc_superrefs
           segname __DATA
              addr 0x000000010003c540
              size 0x00000000000000d0
            offset 247104
             align 2^3 (8)
            reloff 0
            nreloc 0
              type S_REGULAR
        attributes NO_DEAD_STRIP
         reserved1 0
         reserved2 0
        Section
          sectname __objc_ivar
           segname __DATA
              addr 0x000000010003c610
              size 0x000000000000022c
            offset 247312
             align 2^2 (4)
            reloff 0
            nreloc 0
              type S_REGULAR
        attributes (none)
         reserved1 0
         reserved2 0
        Section
          sectname __objc_data
           segname __DATA
              addr 0x000000010003c840
              size 0x0000000000000a00
            offset 247872
             align 2^3 (8)
            reloff 0
            nreloc 0
              type S_REGULAR
        attributes (none)
         reserved1 0
         reserved2 0
        Section
          sectname __data
           segname __DATA
              addr 0x000000010003d240
              size 0x00000000000005b8
            offset 250432
             align 2^3 (8)
            reloff 0
            nreloc 0
              type S_REGULAR
        attributes (none)
         reserved1 0
         reserved2 0
        Section
          sectname __bss
           segname __DATA
              addr 0x000000010003d7f8
              size 0x00000000000000d0
            offset 0
             align 2^3 (8)
            reloff 0
            nreloc 0
              type S_ZEROFILL
        attributes (none)
         reserved1 0
         reserved2 0
        Load command 3
              cmd LC_SEGMENT_64
          cmdsize 152
          segname __LLVM
           vmaddr 0x0000000100040000
           vmsize 0x0000000000120000
          fileoff 262144
         filesize 1179648
          maxprot rw-
         initprot rw-
           nsects 1
            flags NORELOC
        Section
          sectname __bundle
           segname __LLVM
              addr 0x0000000100040000
              size 0x000000000011e802
            
2019-07-26 08:35:12 +0000  offset 262144
             align 2^0 (1)
            reloff 0
            nreloc 0
              type S_REGULAR
        attributes (none)
         reserved1 0
         reserved2 0
        Load command 4
              cmd LC_SEGMENT_64
          cmdsize 72
          segname __LINKEDIT
           vmaddr 0x0000000100160000
           vmsize 0x0000000000010000
          fileoff 1441792
         filesize 51056
          maxprot r--
         initprot r--
           nsects 0
            flags (none)
        Load command 5
                    cmd LC_DYLD_INFO_ONLY
                cmdsize 48
             rebase_off 1441792
            rebase_size 1640
               bind_off 1443432
              bind_size 3144
          weak_bind_off 0
         weak_bind_size 0
          lazy_bind_off 1446576
         lazy_bind_size 3304
             export_off 1449880
            export_size 2176
        Load command 6
             cmd LC_SYMTAB
         cmdsize 24
          symoff 1453152
           nsyms 205
          stroff 1457460
         strsize 4896
        Load command 7
                    cmd LC_DYSYMTAB
                cmdsize 80
              ilocalsym 0
              nlocalsym 1
             iextdefsym 1
             nextdefsym 1
              iundefsym 2
              nundefsym 203
                 tocoff 0
                   ntoc 0
              modtaboff 0
                nmodtab 0
           extrefsymoff 0
            nextrefsyms 0
         indirectsymoff 1456432
          nindirectsyms 257
              extreloff 0
                nextrel 0
              locreloff 0
                nlocrel 0
        Load command 8
                  cmd LC_LOAD_DYLINKER
              cmdsize 32
                 name /usr/lib/dyld (offset 12)
        Load command 9
             cmd LC_UUID
         cmdsize 24
            uuid AA1DA5BD-2418-3D1B-B733-28E76AB4FAC0
        Load command 10
               cmd LC_BUILD_VERSION
           cmdsize 32
          platform ios
               sdk 12.2
             minos 12.2
            ntools 1
              tool ld
           version 450.3
        Load command 11
              cmd LC_SOURCE_VERSION
          cmdsize 16
          version 0.0
        Load command 12
               cmd LC_MAIN
           cmdsize 24
          entryoff 24196
         stacksize 0
        Load command 13
                  cmd LC_ENCRYPTION_INFO_64
              cmdsize 24
             cryptoff 16384
            cryptsize 180224
              cryptid 0
                  pad 0
        Load command 14
                  cmd LC_LOAD_DYLIB
              cmdsize 88
                 name /System/Library/Frameworks/CoreGraphics.framework/CoreGraphics (offset 24)
           time stamp 2 Thu Jan  1 08:00:02 1970
              current version 1251.12.0
        compatibility version 64.0.0
        Load command 15
                  cmd LC_LOAD_DYLIB
              cmdsize 104
                 name /System/Library/Frameworks/MobileCoreServices.framework/MobileCoreServices (offset 24)
           time stamp 2 Thu Jan  1 08:00:02 1970
              current version 943.1.0
        compatibility version 1.0.0
        Load command 16
                  cmd LC_LOAD_DYLIB
              cmdsize 80
                 name /System/Library/Frameworks/Security.framework/Security (offset 24)
           time stamp 2 Thu Jan  1 08:00:02 1970
              current version 58286.252.1
        compatibility version 1.0.0
        Load command 17
                  cmd LC_LOAD_DYLIB
              cmdsize 104
                 name /System/Library/Frameworks/SystemConfiguration.framework/SystemConfiguration (offset 24)
           time stamp 2 Thu Jan  1 08:00:02 1970
              current version 963.250.1
        compatibility version 1.0.0
        Load command 18
                  cmd LC_LOAD_DYLIB
              cmdsize 88
                 name /System/Library/Frameworks/Foundation.framework/Foundation (offset 24)
           time stamp 2 Thu Jan  1 08:00:02 1970
              current version 1570.15.0
        compatibility version 300.0.0
        Load command 19
       
2019-07-26 08:35:12 +0000             cmd LC_LOAD_DYLIB
              cmdsize 56
                 name /usr/lib/libobjc.A.dylib (offset 24)
           time stamp 2 Thu Jan  1 08:00:02 1970
              current version 228.0.0
        compatibility version 1.0.0
        Load command 20
                  cmd LC_LOAD_DYLIB
              cmdsize 56
                 name /usr/lib/libSystem.B.dylib (offset 24)
           time stamp 2 Thu Jan  1 08:00:02 1970
              current version 1252.250.1
        compatibility version 1.0.0
        Load command 21
                  cmd LC_LOAD_DYLIB
              cmdsize 96
                 name /System/Library/Frameworks/CoreFoundation.framework/CoreFoundation (offset 24)
           time stamp 2 Thu Jan  1 08:00:02 1970
              current version 1570.15.0
        compatibility version 150.0.0
        Load command 22
                  cmd LC_LOAD_DYLIB
              cmdsize 88
                 name /System/Library/Frameworks/CoreServices.framework/CoreServices (offset 24)
           time stamp 2 Thu Jan  1 08:00:02 1970
              current version 943.1.0
        compatibility version 1.0.0
        Load command 23
                  cmd LC_LOAD_DYLIB
              cmdsize 80
                 name /System/Library/Frameworks/UIKit.framework/UIKit (offset 24)
           time stamp 2 Thu Jan  1 08:00:02 1970
              current version 61000.0.0
        compatibility version 1.0.0
        Load command 24
                  cmd LC_RPATH
              cmdsize 40
                 path @executable_path/Frameworks (offset 12)
        Load command 25
              cmd LC_FUNCTION_STARTS
          cmdsize 16
          dataoff 1452056
         datasize 1088
        Load command 26
              cmd LC_DATA_IN_CODE
          cmdsize 16
          dataoff 1453144
         datasize 8
        Load command 27
              cmd LC_CODE_SIGNATURE
          cmdsize 16
          dataoff 1462368
         datasize 30480
    
    Stderr:
    
2019-07-26 08:35:12 +0000  Complete LinkageGraph:
    jenkinsStu.app/jenkinsStu arm64 ->
2019-07-26 08:35:12 +0000  Validating IPA structure...
2019-07-26 08:35:12 +0000  /Applications/Xcode.app/Contents/Developer/usr/bin/bitcode-build-tool -v -t /Applications/Xcode.app/Contents/Developer/Toolchains/XcodeDefault.xctoolchain/usr/bin --sdk /Applications/Xcode.app/Contents/Developer/Platforms/iPhoneOS.platform/Developer/SDKs/iPhoneOS12.2.sdk -o /var/folders/xc/xsjqklxx4wq1k7xlhgy5llzr0000gn/T/ipatool20190726-10894-1v3np7y/thinned-out/arm64/Payload/jenkinsStu.app/jenkinsStu --generate-dsym /var/folders/xc/xsjqklxx4wq1k7xlhgy5llzr0000gn/T/ipatool20190726-10894-1v3np7y/thinned-out/arm64/Payload/jenkinsStu.app/jenkinsStu.dSYM --strip-swift-symbols /var/folders/xc/xsjqklxx4wq1k7xlhgy5llzr0000gn/T/ipatool20190726-10894-1v3np7y/thinned-in/arm64/Payload/jenkinsStu.app/jenkinsStu
2019-07-26 08:35:12 +0000  Compiling bitcode...
  Compiling bitcode for arm64...
    Compiling arm64 bitcode in 'jenkinsStu'
2019-07-26 08:35:13 +0000      Command exited with pid 10939 exit 0:
    /Applications/Xcode.app/Contents/Developer/usr/bin/bitcode-build-tool -v -t /Applications/Xcode.app/Contents/Developer/Toolchains/XcodeDefault.xctoolchain/usr/bin --sdk /Applications/Xcode.app/Contents/Developer/Platforms/iPhoneOS.platform/Developer/SDKs/iPhoneOS12.2.sdk -o /var/folders/xc/xsjqklxx4wq1k7xlhgy5llzr0000gn/T/ipatool20190726-10894-1v3np7y/thinned-out/arm64/Payload/jenkinsStu.app/jenkinsStu --generate-dsym /var/folders/xc/xsjqklxx4wq1k7xlhgy5llzr0000gn/T/ipatool20190726-10894-1v3np7y/thinned-out/arm64/Payload/jenkinsStu.app/jenkinsStu.dSYM --strip-swift-symbols /var/folders/xc/xsjqklxx4wq1k7xlhgy5llzr0000gn/T/ipatool20190726-10894-1v3np7y/thinned-in/arm64/Payload/jenkinsStu.app/jenkinsStu
    Stdout:
        Debug: SDK path: /Applications/Xcode.app/Contents/Developer/Platforms/iPhoneOS.platform/Developer/SDKs/iPhoneOS12.2.sdk
        Debug: PATH: ['/Applications/Xcode.app/Contents/Developer/Toolchains/XcodeDefault.xctoolchain/usr/bin', '/Applications/Xcode.app/Contents/Developer/usr/bin']
        Debug: Using: /Applications/Xcode.app/Contents/Developer/Toolchains/XcodeDefault.xctoolchain/usr/bin/lipo
        MachoInfo: cd /
        "/Applications/Xcode.app/Contents/Developer/Toolchains/XcodeDefault.xctoolchain/usr/bin/lipo" "-info" "/var/folders/xc/xsjqklxx4wq1k7xlhgy5llzr0000gn/T/ipatool20190726-10894-1v3np7y/thinned-in/arm64/Payload/jenkinsStu.app/jenkinsStu"
        -= Output =-
        Non-fat file: /var/folders/xc/xsjqklxx4wq1k7xlhgy5llzr0000gn/T/ipatool20190726-10894-1v3np7y/thinned-in/arm64/Payload/jenkinsStu.app/jenkinsStu is architecture: arm64
        Exited with 0
        
        Debug: Command took 0 seconds
        Debug: Using: /Applications/Xcode.app/Contents/Developer/Toolchains/XcodeDefault.xctoolchain/usr/bin/dwarfdump
        GetUUID: cd /
        "/Applications/Xcode.app/Contents/Developer/Toolchains/XcodeDefault.xctoolchain/usr/bin/dwarfdump" "-u" "/var/folders/xc/xsjqklxx4wq1k7xlhgy5llzr0000gn/T/ipatool20190726-10894-1v3np7y/thinned-in/arm64/Payload/jenkinsStu.app/jenkinsStu"
        -= Output =-
        UUID: AA1DA5BD-2418-3D1B-B733-28E76AB4FAC0 (arm64) /var/folders/xc/xsjqklxx4wq1k7xlhgy5llzr0000gn/T/ipatool20190726-10894-1v3np7y/thinned-in/arm64/Payload/jenkinsStu.app/jenkinsStu
        Exited with 0
        
        Debug: Command took 0 seconds
        Debug: Using: /Applications/Xcode.app/Contents/Developer/Toolchains/XcodeDefault.xctoolchain/usr/bin/segedit
        ExtractXAR: cd /
        "/Applications/Xcode.app/Contents/Developer/Toolchains/XcodeDefault.xctoolchain/usr/bin/segedit" "/var/folders/xc/xsjqklxx4wq1k7xlhgy5llzr0000gn/T/ipatool20190726-10894-1v3np7y/thinned-in/arm64/Payload/jenkinsStu.app/jenkinsStu" "-extract" "__LLVM" "__bundle" "/var/folders/xc/xsjqklxx4wq1k7xlhgy5llzr0000gn/T/jenkinsStux8zAUu/jenkinsStu.arm64.xar"
        -= Output =-
        Exited with 0
        
        Debug: Command took 0 seconds
        Debug: Bitcode bundle version: 1.0
        Debug: Setting platform to: iOS
        Debug: Using: /Applications/Xcode.app/Contents/Developer/Toolchains/XcodeDefault.xctoolchain/usr/bin/ld
        Debug: Using: /Applications/Xcode.app/Contents/Developer/Toolchains/XcodeDefault.xctoolchain/usr/bin/clang
        Clang: cd /var/folders/xc/xsjqklxx4wq1k7xlhgy5llzr0000gn/T/temp9lgYrP
        "/Applications/Xcode.app/Contents/Developer/Toolchains/XcodeDefault.xctoolchain/usr/bin/clang" "-cc1" "-triple" "arm64-apple-ios12.2.0" "-emit-obj" "-disable-llvm-passes" "-target-abi" "darwinpcs" "-Os" "-x" "ir" "01" "-o" "01.o"
        -= Output =-
        Exited with 0
        
        Debug: Command took 0 seconds
        Clang: cd /var/folders/xc/xsjqklxx4wq1k7xlhgy5llzr0000gn/T/temp9lgYrP
        "/Applications/Xcode.app/Contents/Developer/Toolchains/XcodeDefault.xctoolchain/usr/bin/clang" "-cc1" "-triple" "arm64-apple-ios12.2.0" "-emit-obj" "-disable-llvm-passes" "-target-abi" "darwinpcs" "-Os" "-x" "ir" "02" "-o" "02.o"
        -= Output =-
        Exited with 0
        
        Debug: Command took 0 seconds
        Clang:
2019-07-26 08:35:13 +0000   cd /var/folders/xc/xsjqklxx4wq1k7xlhgy5llzr0000gn/T/temp9lgYrP
        "/Applications/Xcode.app/Contents/Developer/Toolchains/XcodeDefault.xctoolchain/usr/bin/clang" "-cc1" "-triple" "arm64-apple-ios12.2.0" "-emit-obj" "-disable-llvm-passes" "-target-abi" "darwinpcs" "-Os" "-x" "ir" "03" "-o" "03.o"
        -= Output =-
        Exited with 0
        
        Debug: Command took 0 seconds
        Clang: cd /var/folders/xc/xsjqklxx4wq1k7xlhgy5llzr0000gn/T/temp9lgYrP
        "/Applications/Xcode.app/Contents/Developer/Toolchains/XcodeDefault.xctoolchain/usr/bin/clang" "-cc1" "-triple" "arm64-apple-ios7.0.0" "-emit-obj" "-disable-llvm-passes" "-target-abi" "darwinpcs" "-Os" "-x" "ir" "04" "-o" "04.o"
        -= Output =-
        Exited with 0
        
        Debug: Command took 0 seconds
        Clang: cd /var/folders/xc/xsjqklxx4wq1k7xlhgy5llzr0000gn/T/temp9lgYrP
        "/Applications/Xcode.app/Contents/Developer/Toolchains/XcodeDefault.xctoolchain/usr/bin/clang" "-cc1" "-triple" "arm64-apple-ios7.0.0" "-emit-obj" "-disable-llvm-passes" "-target-abi" "darwinpcs" "-Os" "-x" "ir" "05" "-o" "05.o"
        -= Output =-
        Exited with 0
        
        Debug: Command took 0 seconds
        Clang: cd /var/folders/xc/xsjqklxx4wq1k7xlhgy5llzr0000gn/T/temp9lgYrP
        "/Applications/Xcode.app/Contents/Developer/Toolchains/XcodeDefault.xctoolchain/usr/bin/clang" "-cc1" "-triple" "arm64-apple-ios7.0.0" "-emit-obj" "-disable-llvm-passes" "-target-abi" "darwinpcs" "-Os" "-x" "ir" "06" "-o" "06.o"
        -= Output =-
        Exited with 0
        
        Debug: Command took 0 seconds
        Clang: cd /var/folders/xc/xsjqklxx4wq1k7xlhgy5llzr0000gn/T/temp9lgYrP
        "/Applications/Xcode.app/Contents/Developer/Toolchains/XcodeDefault.xctoolchain/usr/bin/clang" "-cc1" "-triple" "arm64-apple-ios7.0.0" "-emit-obj" "-disable-llvm-passes" "-target-abi" "darwinpcs" "-Os" "-x" "ir" "07" "-o" "07.o"
        -= Output =-
        Exited with 0
        
        Debug: Command took 0 seconds
        Clang: cd /var/folders/xc/xsjqklxx4wq1k7xlhgy5llzr0000gn/T/temp9lgYrP
        "/Applications/Xcode.app/Contents/Developer/Toolchains/XcodeDefault.xctoolchain/usr/bin/clang" "-cc1" "-triple" "arm64-apple-ios7.0.0" "-emit-obj" "-disable-llvm-passes" "-target-abi" "darwinpcs" "-Os" "-x" "ir" "08" "-o" "08.o"
        -= Output =-
        Exited with 0
        
        Debug: Command took 0 seconds
        Clang: cd /var/folders/xc/xsjqklxx4wq1k7xlhgy5llzr0000gn/T/temp9lgYrP
        "/Applications/Xcode.app/Contents/Developer/Toolchains/XcodeDefault.xctoolchain/usr/bin/clang" "-cc1" "-triple" "arm64-apple-ios7.0.0" "-emit-obj" "-disable-llvm-passes" "-target-abi" "darwinpcs" "-Os" "-x" "ir" "09" "-o" "09.o"
        -= Output =-
        Exited with 0
        
        Debug: Command took 0 seconds
        Clang: cd /var/folders/xc/xsjqklxx4wq1k7xlhgy5llzr0000gn/T/temp9lgYrP
        "/Applications/Xcode.app/Contents/Developer/Toolchains/XcodeDefault.xctoolchain/usr/bin/clang" "-cc1" "-triple" "arm64-apple-ios7.0.0" "-emit-obj" "-disable-llvm-passes" "-target-abi" "darwinpcs" "-Os" "-x" "ir" "10" "-o" "10.o"
        -= Output =-
        Exited with 0
        
        Debug: Command took 0 seconds
        Clang: cd /var/folders/xc/xsjqklxx4wq1k7xlhgy5llzr0000gn/T/temp9lgYrP
        "/Applications/Xcode.app/Contents/Developer/Toolchains/XcodeDefault.xctoolchain/usr/bin/clang" "-cc1" "-triple" "arm64-apple-ios7.0.0" "-emit-obj" "-disable-llvm-passes" "-target-abi" "darwinpcs" "-Os" "-x" "ir" "11" "-o" "11.o"
        -= Output =-
        Exited with 0
        
        Debug: Command took 0 seconds
        Clang: cd /var/folders/xc/xsjqklxx4wq1k7xlhgy5llzr0000gn/T/temp9lgYrP
        "/Applications/Xcode.app/Contents/Developer/Toolchains/XcodeDefault.xctoolchain/usr/bin/clang" "-cc1" "-triple" "arm64-apple-ios7.0.0" "-emit-obj" "-disable-llvm-passes" "-target-abi" "darwinpcs" "-Os" "-x" "ir" "12" "-o" "12.o"
        -= Output =-
        Exited with 0
        
        Debug: Command took 0 seconds
        Clang: cd /var/folders/xc/xsjqklxx4wq1k7xlhgy5llzr0
2019-07-26 08:35:13 +0000  000gn/T/temp9lgYrP
        "/Applications/Xcode.app/Contents/Developer/Toolchains/XcodeDefault.xctoolchain/usr/bin/clang" "-cc1" "-triple" "arm64-apple-ios7.0.0" "-emit-obj" "-disable-llvm-passes" "-target-abi" "darwinpcs" "-Os" "-x" "ir" "13" "-o" "13.o"
        -= Output =-
        Exited with 0
        
        Debug: Command took 0 seconds
        Clang: cd /var/folders/xc/xsjqklxx4wq1k7xlhgy5llzr0000gn/T/temp9lgYrP
        "/Applications/Xcode.app/Contents/Developer/Toolchains/XcodeDefault.xctoolchain/usr/bin/clang" "-cc1" "-triple" "arm64-apple-ios7.0.0" "-emit-obj" "-disable-llvm-passes" "-target-abi" "darwinpcs" "-Os" "-x" "ir" "14" "-o" "14.o"
        -= Output =-
        Exited with 0
        
        Debug: Command took 0 seconds
        Clang: cd /var/folders/xc/xsjqklxx4wq1k7xlhgy5llzr0000gn/T/temp9lgYrP
        "/Applications/Xcode.app/Contents/Developer/Toolchains/XcodeDefault.xctoolchain/usr/bin/clang" "-cc1" "-triple" "arm64-apple-ios7.0.0" "-emit-obj" "-disable-llvm-passes" "-target-abi" "darwinpcs" "-Os" "-x" "ir" "15" "-o" "15.o"
        -= Output =-
        Exited with 0
        
        Debug: Command took 0 seconds
        Clang: cd /var/folders/xc/xsjqklxx4wq1k7xlhgy5llzr0000gn/T/temp9lgYrP
        "/Applications/Xcode.app/Contents/Developer/Toolchains/XcodeDefault.xctoolchain/usr/bin/clang" "-cc1" "-triple" "arm64-apple-ios7.0.0" "-emit-obj" "-disable-llvm-passes" "-target-abi" "darwinpcs" "-Os" "-x" "ir" "16" "-o" "16.o"
        -= Output =-
        Exited with 0
        
        Debug: Command took 0 seconds
        Clang: cd /var/folders/xc/xsjqklxx4wq1k7xlhgy5llzr0000gn/T/temp9lgYrP
        "/Applications/Xcode.app/Contents/Developer/Toolchains/XcodeDefault.xctoolchain/usr/bin/clang" "-cc1" "-triple" "arm64-apple-ios7.0.0" "-emit-obj" "-disable-llvm-passes" "-target-abi" "darwinpcs" "-Os" "-x" "ir" "17" "-o" "17.o"
        -= Output =-
        Exited with 0
        
        Debug: Command took 0 seconds
        Clang: cd /var/folders/xc/xsjqklxx4wq1k7xlhgy5llzr0000gn/T/temp9lgYrP
        "/Applications/Xcode.app/Contents/Developer/Toolchains/XcodeDefault.xctoolchain/usr/bin/clang" "-cc1" "-triple" "arm64-apple-ios7.0.0" "-emit-obj" "-disable-llvm-passes" "-target-abi" "darwinpcs" "-Os" "-x" "ir" "18" "-o" "18.o"
        -= Output =-
        Exited with 0
        
        Debug: Command took 0 seconds
        Clang: cd /var/folders/xc/xsjqklxx4wq1k7xlhgy5llzr0000gn/T/temp9lgYrP
        "/Applications/Xcode.app/Contents/Developer/Toolchains/XcodeDefault.xctoolchain/usr/bin/clang" "-cc1" "-triple" "arm64-apple-ios7.0.0" "-emit-obj" "-disable-llvm-passes" "-target-abi" "darwinpcs" "-Os" "-x" "ir" "19" "-o" "19.o"
        -= Output =-
        Exited with 0
        
        Debug: Command took 0 seconds
        Clang: cd /var/folders/xc/xsjqklxx4wq1k7xlhgy5llzr0000gn/T/temp9lgYrP
        "/Applications/Xcode.app/Contents/Developer/Toolchains/XcodeDefault.xctoolchain/usr/bin/clang" "-cc1" "-triple" "arm64-apple-ios9.0.0" "-emit-obj" "-disable-llvm-passes" "-target-abi" "darwinpcs" "-Os" "-x" "ir" "20" "-o" "20.o"
        -= Output =-
        Exited with 0
        
        Debug: Command took 0 seconds
        Debug: Found framework/dylib: /Applications/Xcode.app/Contents/Developer/Platforms/iPhoneOS.platform/Developer/SDKs/iPhoneOS12.2.sdk/System/Library/Frameworks/CoreGraphics.framework/CoreGraphics.tbd
        Debug: Found framework/dylib: /Applications/Xcode.app/Contents/Developer/Platforms/iPhoneOS.platform/Developer/SDKs/iPhoneOS12.2.sdk/System/Library/Frameworks/MobileCoreServices.framework/MobileCoreServices.tbd
        Debug: Found framework/dylib: /Applications/Xcode.app/Contents/Developer/Platforms/iPhoneOS.platform/Developer/SDKs/iPhoneOS12.2.sdk/System/Library/Frameworks/Security.framework/Security.tbd
        Debug: Found framework/dylib: /Applications/Xcode.app/Contents/Developer/Platforms/iPhoneOS.platform/Developer/SDKs/iPhoneOS12.2.sdk/System/Library/Frameworks/SystemConfiguration.framework/SystemConfiguration.tbd
        Debug: Found framework/dylib: /Applications/Xcode.app/Content
2019-07-26 08:35:13 +0000  s/Developer/Platforms/iPhoneOS.platform/Developer/SDKs/iPhoneOS12.2.sdk/System/Library/Frameworks/Foundation.framework/Foundation.tbd
        Debug: Found framework/dylib: /Applications/Xcode.app/Contents/Developer/Platforms/iPhoneOS.platform/Developer/SDKs/iPhoneOS12.2.sdk/usr/lib/libobjc.A.tbd
        Debug: Found framework/dylib: /Applications/Xcode.app/Contents/Developer/Platforms/iPhoneOS.platform/Developer/SDKs/iPhoneOS12.2.sdk/usr/lib/libSystem.B.tbd
        Debug: Found framework/dylib: /Applications/Xcode.app/Contents/Developer/Platforms/iPhoneOS.platform/Developer/SDKs/iPhoneOS12.2.sdk/System/Library/Frameworks/CoreFoundation.framework/CoreFoundation.tbd
        Debug: Found framework/dylib: /Applications/Xcode.app/Contents/Developer/Platforms/iPhoneOS.platform/Developer/SDKs/iPhoneOS12.2.sdk/System/Library/Frameworks/CoreServices.framework/CoreServices.tbd
        Debug: Found framework/dylib: /Applications/Xcode.app/Contents/Developer/Platforms/iPhoneOS.platform/Developer/SDKs/iPhoneOS12.2.sdk/System/Library/Frameworks/UIKit.framework/UIKit.tbd
        Debug: Found framework/dylib: /Applications/Xcode.app/Contents/Developer/Platforms/iPhoneOS.platform/Developer/SDKs/iPhoneOS12.2.sdk/usr/lib/libobjc.A.tbd
        Ld: cd /var/folders/xc/xsjqklxx4wq1k7xlhgy5llzr0000gn/T/temp9lgYrP
        "/Applications/Xcode.app/Contents/Developer/Toolchains/XcodeDefault.xctoolchain/usr/bin/ld" "-arch" "arm64" "-execute" "-ios_version_min" "12.2.0" "-e" "_main" "-rpath" "@executable_path/Frameworks" "-executable_path" "/Users/zjyn/Library/Developer/Xcode/DerivedData/jenkinsStu-bkulrahuamazyueeoweauywdenck/Build/Intermediates.noindex/ArchiveIntermediates/jenkinsStu/InstallationBuildProductsLocation/Applications/jenkinsStu.app/jenkinsStu" "-dead_strip" "-syslibroot" "/Applications/Xcode.app/Contents/Developer/Platforms/iPhoneOS.platform/Developer/SDKs/iPhoneOS12.2.sdk" "-sdk_version" "12.2.0" "-filelist" "/private/var/folders/xc/xsjqklxx4wq1k7xlhgy5llzr0000gn/T/jenkinsStux8zAUu/jenkinsStu.arm64.out.LinkFileList" "-ignore_auto_link" "-allow_dead_duplicates" "/Applications/Xcode.app/Contents/Developer/Platforms/iPhoneOS.platform/Developer/SDKs/iPhoneOS12.2.sdk/System/Library/Frameworks/CoreGraphics.framework/CoreGraphics.tbd" "/Applications/Xcode.app/Contents/Developer/Platforms/iPhoneOS.platform/Developer/SDKs/iPhoneOS12.2.sdk/System/Library/Frameworks/MobileCoreServices.framework/MobileCoreServices.tbd" "/Applications/Xcode.app/Contents/Developer/Platforms/iPhoneOS.platform/Developer/SDKs/iPhoneOS12.2.sdk/System/Library/Frameworks/Security.framework/Security.tbd" "/Applications/Xcode.app/Contents/Developer/Platforms/iPhoneOS.platform/Developer/SDKs/iPhoneOS12.2.sdk/System/Library/Frameworks/SystemConfiguration.framework/SystemConfiguration.tbd" "/Applications/Xcode.app/Contents/Developer/Platforms/iPhoneOS.platform/Developer/SDKs/iPhoneOS12.2.sdk/System/Library/Frameworks/Foundation.framework/Foundation.tbd" "/Applications/Xcode.app/Contents/Developer/Platforms/iPhoneOS.platform/Developer/SDKs/iPhoneOS12.2.sdk/usr/lib/libobjc.A.tbd" "/Applications/Xcode.app/Contents/Developer/Platforms/iPhoneOS.platform/Developer/SDKs/iPhoneOS12.2.sdk/usr/lib/libSystem.B.tbd" "/Applications/Xcode.app/Contents/Developer/Platforms/iPhoneOS.platform/Developer/SDKs/iPhoneOS12.2.sdk/System/Library/Frameworks/CoreFoundation.framework/CoreFoundation.tbd" "/Applications/Xcode.app/Contents/Developer/Platforms/iPhoneOS.platform/Developer/SDKs/iPhoneOS12.2.sdk/System/Library/Frameworks/CoreServices.framework/CoreServices.tbd" "/Applications/Xcode.app/Contents/Developer/Platforms/iPhoneOS.platform/Developer/SDKs/iPhoneOS12.2.sdk/System/Library/Frameworks/UIKit.framework/UIKit.tbd" "/Applications/Xcode.app/Contents/Developer/Platforms/iPhoneOS.platform/Developer/SDKs/iPhoneOS12.2.sdk/usr/lib/libobjc.A.tbd" "/Applications/Xcode.app/Contents/Developer/Toolchains/XcodeDefault.xctoolchain/usr/lib/clang/10.0.1/lib/darwin/libclang_rt.ios.a" "-o" "/private/var/folders/xc/xsjqklxx4wq1k7xlhgy5llzr0000gn/T/jenkinsStux8zAUu/jenkinsStu.arm64.out"
        -= Output =-
   
2019-07-26 08:35:13 +0000       Exited with 0
        
        Debug: Command took 0 seconds
        warning: Cannot genarte useful dsym from input macho file: /var/folders/xc/xsjqklxx4wq1k7xlhgy5llzr0000gn/T/ipatool20190726-10894-1v3np7y/thinned-in/arm64/Payload/jenkinsStu.app/jenkinsStu
        
        GetUUID: cd /
        "/Applications/Xcode.app/Contents/Developer/Toolchains/XcodeDefault.xctoolchain/usr/bin/dwarfdump" "-u" "/var/folders/xc/xsjqklxx4wq1k7xlhgy5llzr0000gn/T/ipatool20190726-10894-1v3np7y/thinned-out/arm64/Payload/jenkinsStu.app/jenkinsStu"
        -= Output =-
        UUID: BEA29EA3-969A-3FA0-9E44-1E8CC6EA0E56 (arm64) /var/folders/xc/xsjqklxx4wq1k7xlhgy5llzr0000gn/T/ipatool20190726-10894-1v3np7y/thinned-out/arm64/Payload/jenkinsStu.app/jenkinsStu
        Exited with 0
        
        Debug: Command took 0 seconds
        Debug: Using: /Applications/Xcode.app/Contents/Developer/Toolchains/XcodeDefault.xctoolchain/usr/bin/dsymutil
        Dsymutil: cd /
        "/Applications/Xcode.app/Contents/Developer/Toolchains/XcodeDefault.xctoolchain/usr/bin/dsymutil" "/var/folders/xc/xsjqklxx4wq1k7xlhgy5llzr0000gn/T/ipatool20190726-10894-1v3np7y/thinned-out/arm64/Payload/jenkinsStu.app/jenkinsStu" "-o" "/var/folders/xc/xsjqklxx4wq1k7xlhgy5llzr0000gn/T/ipatool20190726-10894-1v3np7y/thinned-out/arm64/Payload/jenkinsStu.app/jenkinsStu.dSYM"
        -= Output =-
        Exited with 0
        
        Debug: Command took 0 seconds
        Debug: Using: /Applications/Xcode.app/Contents/Developer/Toolchains/XcodeDefault.xctoolchain/usr/bin/strip
        StripSymbols: cd /
        "/Applications/Xcode.app/Contents/Developer/Toolchains/XcodeDefault.xctoolchain/usr/bin/strip" "/var/folders/xc/xsjqklxx4wq1k7xlhgy5llzr0000gn/T/ipatool20190726-10894-1v3np7y/thinned-out/arm64/Payload/jenkinsStu.app/jenkinsStu"
        -= Output =-
        Exited with 0
        
        Debug: Command took 0 seconds
    
    Stderr:
    
/Applications/Xcode.app/Contents/Developer/usr/bin/symbols -failIfMissingDsym -symbolsPackageDir /var/folders/xc/xsjqklxx4wq1k7xlhgy5llzr0000gn/T/ipatool20190726-10894-1v3np7y/thinned-out/arm64/Payload/jenkinsStu.app /var/folders/xc/xsjqklxx4wq1k7xlhgy5llzr0000gn/T/ipatool20190726-10894-1v3np7y/thinned-out/arm64/Payload/jenkinsStu.app/jenkinsStu
2019-07-26 08:35:13 +0000      Command exited with pid 10972 exit 0:
    /Applications/Xcode.app/Contents/Developer/usr/bin/symbols -failIfMissingDsym -symbolsPackageDir /var/folders/xc/xsjqklxx4wq1k7xlhgy5llzr0000gn/T/ipatool20190726-10894-1v3np7y/thinned-out/arm64/Payload/jenkinsStu.app /var/folders/xc/xsjqklxx4wq1k7xlhgy5llzr0000gn/T/ipatool20190726-10894-1v3np7y/thinned-out/arm64/Payload/jenkinsStu.app/jenkinsStu
    Stdout:
        /var/folders/xc/xsjqklxx4wq1k7xlhgy5llzr0000gn/T/ipatool20190726-10894-1v3np7y/thinned-out/arm64/Payload/jenkinsStu.app/jenkinsStu [arm64, 0.000718 seconds]:
    
    Stderr:
    
2019-07-26 08:35:13 +0000  /usr/bin/file -b -- /var/folders/xc/xsjqklxx4wq1k7xlhgy5llzr0000gn/T/ipatool20190726-10894-1v3np7y/thinned-out/arm64/Payload/jenkinsStu.app/jenkinsStu.dSYM/Contents/Resources/DWARF/jenkinsStu
2019-07-26 08:35:13 +0000      Command exited with pid 10973 exit 0:
    /usr/bin/file -b -- /var/folders/xc/xsjqklxx4wq1k7xlhgy5llzr0000gn/T/ipatool20190726-10894-1v3np7y/thinned-out/arm64/Payload/jenkinsStu.app/jenkinsStu.dSYM/Contents/Resources/DWARF/jenkinsStu
    Stdout:
        Mach-O 64-bit dSYM companion file arm64
    
    Stderr:
    
2019-07-26 08:35:13 +0000  /Applications/Xcode.app/Contents/Developer/Toolchains/XcodeDefault.xctoolchain/usr/bin/lipo -info /var/folders/xc/xsjqklxx4wq1k7xlhgy5llzr0000gn/T/ipatool20190726-10894-1v3np7y/thinned-out/arm64/Payload/jenkinsStu.app/jenkinsStu.dSYM/Contents/Resources/DWARF/jenkinsStu
2019-07-26 08:35:13 +0000      Command exited with pid 10974 exit 0:
    /Applications/Xcode.app/Contents/Developer/Toolchains/XcodeDefault.xctoolchain/usr/bin/lipo -info /var/folders/xc/xsjqklxx4wq1k7xlhgy5llzr0000gn/T/ipatool20190726-10894-1v3np7y/thinned-out/arm64/Payload/jenkinsStu.app/jenkinsStu.dSYM/Contents/Resources/DWARF/jenkinsStu
    Stdout:
        Non-fat file: /var/folders/xc/xsjqklxx4wq1k7xlhgy5llzr0000gn/T/ipatool20190726-10894-1v3np7y/thinned-out/arm64/Payload/jenkinsStu.app/jenkinsStu.dSYM/Contents/Resources/DWARF/jenkinsStu is architecture: arm64
    
    Stderr:
    
2019-07-26 08:35:13 +0000  /Applications/Xcode.app/Contents/Developer/Toolchains/XcodeDefault.xctoolchain/usr/bin/otool -h -v -m -arch all /var/folders/xc/xsjqklxx4wq1k7xlhgy5llzr0000gn/T/ipatool20190726-10894-1v3np7y/thinned-out/arm64/Payload/jenkinsStu.app/jenkinsStu.dSYM/Contents/Resources/DWARF/jenkinsStu
2019-07-26 08:35:14 +0000      Command exited with pid 10975 exit 0:
    /Applications/Xcode.app/Contents/Developer/Toolchains/XcodeDefault.xctoolchain/usr/bin/otool -h -v -m -arch all /var/folders/xc/xsjqklxx4wq1k7xlhgy5llzr0000gn/T/ipatool20190726-10894-1v3np7y/thinned-out/arm64/Payload/jenkinsStu.app/jenkinsStu.dSYM/Contents/Resources/DWARF/jenkinsStu
    Stdout:
        Mach header
              magic cputype cpusubtype  caps    filetype ncmds sizeofcmds      flags
        MH_MAGIC_64   ARM64        ALL  0x00        DSYM     8       3632 0x00000000
    
    Stderr:
    
2019-07-26 08:35:14 +0000  /Applications/Xcode.app/Contents/Developer/Toolchains/XcodeDefault.xctoolchain/usr/bin/otool -l -v -m -arch arm64 /var/folders/xc/xsjqklxx4wq1k7xlhgy5llzr0000gn/T/ipatool20190726-10894-1v3np7y/thinned-out/arm64/Payload/jenkinsStu.app/jenkinsStu.dSYM/Contents/Resources/DWARF/jenkinsStu
2019-07-26 08:35:14 +0000      Command exited with pid 10977 exit 0:
    /Applications/Xcode.app/Contents/Developer/Toolchains/XcodeDefault.xctoolchain/usr/bin/otool -l -v -m -arch arm64 /var/folders/xc/xsjqklxx4wq1k7xlhgy5llzr0000gn/T/ipatool20190726-10894-1v3np7y/thinned-out/arm64/Payload/jenkinsStu.app/jenkinsStu.dSYM/Contents/Resources/DWARF/jenkinsStu
    Stdout:
        /var/folders/xc/xsjqklxx4wq1k7xlhgy5llzr0000gn/T/ipatool20190726-10894-1v3np7y/thinned-out/arm64/Payload/jenkinsStu.app/jenkinsStu.dSYM/Contents/Resources/DWARF/jenkinsStu:
        Mach header
              magic cputype cpusubtype  caps    filetype ncmds sizeofcmds      flags
        MH_MAGIC_64   ARM64        ALL  0x00        DSYM     8       3632 0x00000000
        Load command 0
             cmd LC_UUID
         cmdsize 24
            uuid BEA29EA3-969A-3FA0-9E44-1E8CC6EA0E56
        Load command 1
               cmd LC_BUILD_VERSION
           cmdsize 24
          platform ios
               sdk 12.2
             minos 12.2
            ntools 0
        Load command 2
             cmd LC_SYMTAB
         cmdsize 24
          symoff 4096
           nsyms 1120
          stroff 22016
         strsize 15742
        Load command 3
              cmd LC_SEGMENT_64
          cmdsize 72
          segname __PAGEZERO
           vmaddr 0x0000000000000000
           vmsize 0x0000000100000000
          fileoff 0
         filesize 0
          maxprot ---
         initprot ---
           nsects 0
            flags (none)
        Load command 4
              cmd LC_SEGMENT_64
          cmdsize 952
          segname __TEXT
           vmaddr 0x0000000100000000
           vmsize 0x0000000000030000
          fileoff 0
         filesize 0
          maxprot r-x
         initprot r-x
           nsects 11
            flags (none)
        Section
          sectname __text
           segname __TEXT
              addr 0x0000000100005e48
              size 0x000000000001e608
            offset 0
             align 2^2 (4)
            reloff 0
            nreloc 0
              type S_REGULAR
        attributes PURE_INSTRUCTIONS SOME_INSTRUCTIONS
         reserved1 0
         reserved2 0
        Section
          sectname __stubs
           segname __TEXT
              addr 0x0000000100024450
              size 0x0000000000000558
            offset 0
             align 2^2 (4)
            reloff 0
            nreloc 0
              type S_SYMBOL_STUBS
        attributes PURE_INSTRUCTIONS SOME_INSTRUCTIONS
         reserved1 0 (index into indirect symbol table)
         reserved2 12 (size of stubs)
        Section
          sectname __stub_helper
           segname __TEXT
              addr 0x00000001000249a8
              size 0x0000000000000570
            offset 0
             align 2^2 (4)
            reloff 0
            nreloc 0
              type S_REGULAR
        attributes PURE_INSTRUCTIONS SOME_INSTRUCTIONS
         reserved1 0
         reserved2 0
        Section
          sectname __objc_methname
           segname __TEXT
              addr 0x0000000100024f18
              size 0x0000000000005a74
            offset 0
             align 2^0 (1)
            reloff 0
            nreloc 0
              type S_CSTRING_LITERALS
        attributes (none)
         reserved1 0
         reserved2 0
        Section
          sectname __objc_classname
           segname __TEXT
              addr 0x000000010002a98c
              size 0x00000000000004ae
            offset 0
             align 2^0 (1)
            reloff 0
            nreloc 0
              type S_CSTRING_LITERALS
        attributes (none)
         reserved1 0
         reserved2 0
        Section
          sectname __objc_methtype
           segname __TEXT
              addr 0x000000010002ae3a
              size 0x00000000000017ca
            offset 0
             align 2^0 (1)
            reloff 0
            nreloc 0
              type S_CSTRING_LITERALS
        attributes (none)
         reserved1 0
         reserved2 0
        Section
          sectname __cstring
           segname __TEXT
              addr 0x000000010002c604
          
2019-07-26 08:35:14 +0000      size 0x0000000000002b02
            offset 0
             align 2^0 (1)
            reloff 0
            nreloc 0
              type S_CSTRING_LITERALS
        attributes (none)
         reserved1 0
         reserved2 0
        Section
          sectname __const
           segname __TEXT
              addr 0x000000010002f108
              size 0x0000000000000038
            offset 0
             align 2^3 (8)
            reloff 0
            nreloc 0
              type S_REGULAR
        attributes (none)
         reserved1 0
         reserved2 0
        Section
          sectname __gcc_except_tab
           segname __TEXT
              addr 0x000000010002f140
              size 0x0000000000000664
            offset 0
             align 2^2 (4)
            reloff 0
            nreloc 0
              type S_REGULAR
        attributes (none)
         reserved1 0
         reserved2 0
        Section
          sectname __unwind_info
           segname __TEXT
              addr 0x000000010002f7a4
              size 0x00000000000007e4
            offset 0
             align 2^2 (4)
            reloff 0
            nreloc 0
              type S_REGULAR
        attributes (none)
         reserved1 0
         reserved2 0
        Section
          sectname __eh_frame
           segname __TEXT
              addr 0x000000010002ff88
              size 0x0000000000000078
            offset 0
             align 2^3 (8)
            reloff 0
            nreloc 0
              type S_REGULAR
        attributes (none)
         reserved1 0
         reserved2 0
        Load command 5
              cmd LC_SEGMENT_64
          cmdsize 1512
          segname __DATA
           vmaddr 0x0000000100030000
           vmsize 0x0000000000010000
          fileoff 0
         filesize 0
          maxprot rw-
         initprot rw-
           nsects 18
            flags (none)
        Section
          sectname __got
           segname __DATA
              addr 0x0000000100030000
              size 0x00000000000000e8
            offset 0
             align 2^3 (8)
            reloff 0
            nreloc 0
              type S_NON_LAZY_SYMBOL_POINTERS
        attributes (none)
         reserved1 114 (index into indirect symbol table)
         reserved2 0
        Section
          sectname __la_symbol_ptr
           segname __DATA
              addr 0x00000001000300e8
              size 0x0000000000000390
            offset 0
             align 2^3 (8)
            reloff 0
            nreloc 0
              type S_LAZY_SYMBOL_POINTERS
        attributes (none)
         reserved1 143 (index into indirect symbol table)
         reserved2 0
        Section
          sectname __const
           segname __DATA
              addr 0x0000000100030480
              size 0x0000000000000820
            offset 0
             align 2^4 (16)
            reloff 0
            nreloc 0
              type S_REGULAR
        attributes (none)
         reserved1 0
         reserved2 0
        Section
          sectname __cfstring
           segname __DATA
              addr 0x0000000100030ca0
              size 0x0000000000000fe0
            offset 0
             align 2^3 (8)
            reloff 0
            nreloc 0
              type S_REGULAR
        attributes (none)
         reserved1 0
         reserved2 0
        Section
          sectname __objc_classlist
           segname __DATA
              addr 0x0000000100031c80
              size 0x0000000000000100
            offset 0
             align 2^3 (8)
            reloff 0
            nreloc 0
              type S_REGULAR
        attributes NO_DEAD_STRIP
         reserved1 0
         reserved2 0
        Section
          sectname __objc_nlclslist
           segname __DATA
              addr 0x0000000100031d80
              size 0x0000000000000008
            offset 0
             align 2^3 (8)
            reloff 0
            nreloc 0
              type S_REGULAR
        attributes NO_DEAD_STRIP
         reserved1 0
         reserved2 0
        Section
          sectname __objc_catlist
           segname __DATA
     
2019-07-26 08:35:14 +0000           addr 0x0000000100031d88
              size 0x0000000000000050
            offset 0
             align 2^3 (8)
            reloff 0
            nreloc 0
              type S_REGULAR
        attributes NO_DEAD_STRIP
         reserved1 0
         reserved2 0
        Section
          sectname __objc_protolist
           segname __DATA
              addr 0x0000000100031dd8
              size 0x0000000000000078
            offset 0
             align 2^3 (8)
            reloff 0
            nreloc 0
              type S_REGULAR
        attributes (none)
         reserved1 0
         reserved2 0
        Section
          sectname __objc_imageinfo
           segname __DATA
              addr 0x0000000100031e50
              size 0x0000000000000008
            offset 0
             align 2^2 (4)
            reloff 0
            nreloc 0
              type S_REGULAR
        attributes (none)
         reserved1 0
         reserved2 0
        Section
          sectname __objc_const
           segname __DATA
              addr 0x0000000100031e58
              size 0x0000000000009090
            offset 0
             align 2^3 (8)
            reloff 0
            nreloc 0
              type S_REGULAR
        attributes (none)
         reserved1 0
         reserved2 0
        Section
          sectname __objc_selrefs
           segname __DATA
              addr 0x000000010003aee8
              size 0x0000000000001438
            offset 0
             align 2^3 (8)
            reloff 0
            nreloc 0
              type S_LITERAL_POINTERS
        attributes NO_DEAD_STRIP
         reserved1 0
         reserved2 0
        Section
          sectname __objc_protorefs
           segname __DATA
              addr 0x000000010003c320
              size 0x0000000000000010
            offset 0
             align 2^3 (8)
            reloff 0
            nreloc 0
              type S_REGULAR
        attributes (none)
         reserved1 0
         reserved2 0
        Section
          sectname __objc_classrefs
           segname __DATA
              addr 0x000000010003c330
              size 0x0000000000000210
            offset 0
             align 2^3 (8)
            reloff 0
            nreloc 0
              type S_REGULAR
        attributes NO_DEAD_STRIP
         reserved1 0
         reserved2 0
        Section
          sectname __objc_superrefs
           segname __DATA
              addr 0x000000010003c540
              size 0x00000000000000d0
            offset 0
             align 2^3 (8)
            reloff 0
            nreloc 0
              type S_REGULAR
        attributes NO_DEAD_STRIP
         reserved1 0
         reserved2 0
        Section
          sectname __objc_ivar
           segname __DATA
              addr 0x000000010003c610
              size 0x000000000000022c
            offset 0
             align 2^2 (4)
            reloff 0
            nreloc 0
              type S_REGULAR
        attributes (none)
         reserved1 0
         reserved2 0
        Section
          sectname __objc_data
           segname __DATA
              addr 0x000000010003c840
              size 0x0000000000000a00
            offset 0
             align 2^3 (8)
            reloff 0
            nreloc 0
              type S_REGULAR
        attributes (none)
         reserved1 0
         reserved2 0
        Section
          sectname __data
           segname __DATA
              addr 0x000000010003d240
              size 0x00000000000005b8
            offset 0
             align 2^3 (8)
            reloff 0
            nreloc 0
              type S_REGULAR
        attributes (none)
         reserved1 0
         reserved2 0
        Section
          sectname __bss
           segname __DATA
              addr 0x000000010003d7f8
              size 0x00000000000000d0
            offset 0
             align 2^3 (8)
            reloff 0
            nreloc 0
              type S_ZEROFILL
        attributes (none)
         reserved1 0
         reserved2 0
        Load command 6
              cmd LC_SEGMENT_64
          cmdsize 72
          
2019-07-26 08:35:14 +0000  segname __LINKEDIT
           vmaddr 0x0000000100040000
           vmsize 0x0000000000009000
          fileoff 4096
         filesize 33662
          maxprot r--
         initprot r--
           nsects 0
            flags (none)
        Load command 7
              cmd LC_SEGMENT_64
          cmdsize 952
          segname __DWARF
           vmaddr 0x0000000100049000
           vmsize 0x0000000000018000
          fileoff 40960
         filesize 97087
          maxprot rwx
         initprot rw-
           nsects 11
            flags (none)
        Section
          sectname __debug_line
           segname __DWARF
              addr 0x0000000100049000
              size 0x0000000000006ff9
            offset 40960
             align 2^0 (1)
            reloff 0
            nreloc 0
              type S_REGULAR
        attributes (none)
         reserved1 0
         reserved2 0
        Section
          sectname __debug_pubnames
           segname __DWARF
              addr 0x000000010004fff9
              size 0x0000000000003a1d
            offset 69625
             align 2^0 (1)
            reloff 0
            nreloc 0
              type S_REGULAR
        attributes (none)
         reserved1 0
         reserved2 0
        Section
          sectname __debug_aranges
           segname __DWARF
              addr 0x0000000100053a16
              size 0x0000000000000370
            offset 84502
             align 2^0 (1)
            reloff 0
            nreloc 0
              type S_REGULAR
        attributes (none)
         reserved1 0
         reserved2 0
        Section
          sectname __debug_info
           segname __DWARF
              addr 0x0000000100053d86
              size 0x000000000000486e
            offset 85382
             align 2^0 (1)
            reloff 0
            nreloc 0
              type S_REGULAR
        attributes (none)
         reserved1 0
         reserved2 0
        Section
          sectname __debug_ranges
           segname __DWARF
              addr 0x00000001000585f4
              size 0x0000000000000330
            offset 103924
             align 2^0 (1)
            reloff 0
            nreloc 0
              type S_REGULAR
        attributes (none)
         reserved1 0
         reserved2 0
        Section
          sectname __debug_abbrev
           segname __DWARF
              addr 0x0000000100058924
              size 0x00000000000000a2
            offset 104740
             align 2^0 (1)
            reloff 0
            nreloc 0
              type S_REGULAR
        attributes (none)
         reserved1 0
         reserved2 0
        Section
          sectname __debug_str
           segname __DWARF
              addr 0x00000001000589c6
              size 0x0000000000002e0d
            offset 104902
             align 2^0 (1)
            reloff 0
            nreloc 0
              type S_REGULAR
        attributes (none)
         reserved1 0
         reserved2 0
        Section
          sectname __apple_names
           segname __DWARF
              addr 0x000000010005b7d3
              size 0x00000000000052f4
            offset 116691
             align 2^0 (1)
            reloff 0
            nreloc 0
              type S_REGULAR
        attributes (none)
         reserved1 0
         reserved2 0
        Section
          sectname __apple_namespac
           segname __DWARF
              addr 0x0000000100060ac7
              size 0x0000000000000024
            offset 137927
             align 2^0 (1)
            reloff 0
            nreloc 0
              type S_REGULAR
        attributes (none)
         reserved1 0
         reserved2 0
        Section
          sectname __apple_types
           segname __DWARF
              addr 0x0000000100060aeb
              size 0x0000000000000030
            offset 137963
             align 2^0 (1)
            reloff 0
            nreloc 0
              type S_REGULAR
        attributes (none)
         reserved1 0
         reserved2 0
        Section
          sectname __apple_objc
           segname __DWARF
              addr 0x0000000100060b
2019-07-26 08:35:14 +0000  1b
              size 0x0000000000000024
            offset 138011
             align 2^0 (1)
            reloff 0
            nreloc 0
              type S_REGULAR
        attributes (none)
         reserved1 0
         reserved2 0
    
    Stderr:
    
2019-07-26 08:35:14 +0000  Creating universal IPA contents for all variants
  Creating directory /var/folders/xc/xsjqklxx4wq1k7xlhgy5llzr0000gn/T/IDEIPAProcessor.AppThinning.\~\~\~it0Yjb/universal
  Copying jenkinsStu.app output payload directory
2019-07-26 08:35:14 +0000  /Library/Ruby/Gems/2.3.0/gems/CFPropertyList-3.0.0/lib/cfpropertylist/rbCFPropertyList.rb:378: warning: File.exists? is a deprecated name, use File.exist? instead
2019-07-26 08:35:14 +0000    Copying .dSYM files to /var/folders/xc/xsjqklxx4wq1k7xlhgy5llzr0000gn/T/IDEIPAProcessor.AppThinning.\~\~\~it0Yjb/universal/dSYMs
  Copying .symbols files to /var/folders/xc/xsjqklxx4wq1k7xlhgy5llzr0000gn/T/IDEIPAProcessor.AppThinning.\~\~\~it0Yjb/universal/Symbols
2019-07-26 08:35:14 +0000 [MT] /Applications/Xcode.app/Contents/Developer/usr/bin/ipatool exited with 0
2019-07-26 08:35:14 +0000 [MT] ipatool JSON: {
    alerts =     (
                {
            code = 3309;
            description = "Configuration issue: platform AppleTVSimulator.platform doesn't have any non-simulator SDKs; ignoring it";
            info =             {
            };
            level = WARN;
        },
                {
            code = 3309;
            description = "Configuration issue: platform WatchSimulator.platform doesn't have any non-simulator SDKs; ignoring it";
            info =             {
            };
            level = WARN;
        },
                {
            code = 3309;
            description = "Configuration issue: platform iPhoneSimulator.platform doesn't have any non-simulator SDKs; ignoring it";
            info =             {
            };
            level = WARN;
        }
    );
    thinnableAssetCatalogs =     (
    );
    universalIPA =     {
        path = "/var/folders/xc/xsjqklxx4wq1k7xlhgy5llzr0000gn/T/IDEIPAProcessor.AppThinning.~~~it0Yjb/universal";
    };
}
2019-07-26 08:35:14 +0000 [MT] Processing step: IDEDistributionCodeSlimmingStep
2019-07-26 08:35:14 +0000 [MT] Processing step: IDEDistributionCopyBCSymbolMapsStep
2019-07-26 08:35:14 +0000 [MT] Processing step: IDEDistributionSymbolsStep
2019-07-26 08:35:14 +0000 [MT] Skipping step: IDEDistributionSymbolsStep because it said so
2019-07-26 08:35:14 +0000 [MT] Processing step: IDEDistributionAppThinningStep
2019-07-26 08:35:14 +0000 [MT] Skipping step: IDEDistributionAppThinningStep because it said so
2019-07-26 08:35:14 +0000 [MT] Processing step: IDEDistributionArchThinningStep
2019-07-26 08:35:14 +0000 [MT] Running /Applications/Xcode.app/Contents/Developer/Toolchains/XcodeDefault.xctoolchain/usr/bin/lipo '/var/folders/xc/xsjqklxx4wq1k7xlhgy5llzr0000gn/T/XcodeDistPipeline.~~~j4kJ8X/Root/Payload/jenkinsStu.app/jenkinsStu' '-verify_arch' 'arm64e'
2019-07-26 08:35:14 +0000 [MT] /Applications/Xcode.app/Contents/Developer/Toolchains/XcodeDefault.xctoolchain/usr/bin/lipo exited with 1
2019-07-26 08:35:14 +0000 [MT] Skipping architecture thinning for item "jenkinsStu" because arch "arm64e" wasn't found
2019-07-26 08:35:14 +0000 [MT] Processing step: IDEDistributionODRStep
2019-07-26 08:35:14 +0000 [MT] Processing step: IDEDistributionStripXattrsStep
2019-07-26 08:35:14 +0000 [MT] Running /usr/bin/xattr '-crs' '/var/folders/xc/xsjqklxx4wq1k7xlhgy5llzr0000gn/T/XcodeDistPipeline.~~~j4kJ8X/Root/Payload/jenkinsStu.app'
2019-07-26 08:35:14 +0000 [MT] /usr/bin/xattr exited with 0
2019-07-26 08:35:14 +0000 [MT] Processing step: IDEDistributionCodesignStep
2019-07-26 08:35:14 +0000 [MT] Entitlements for <IDEDistributionItem: 0x7fe1adb676a0 'com.zjyu.gmz.jenkinsStu' '<DVTFilePath:0x7fe1ade8fa60:'/Users/zjyn/Desktop/jenkinsArc/jenkinsStu/archive/jenkinsStu.xcarchive/Products/Applications/jenkinsStu.app'>'>: {
    "application-identifier" = "388BS6T9AR.com.zjyu.gmz.jenkinsStu";
    "com.apple.developer.team-identifier" = 388BS6T9AR;
    "get-task-allow" = 1;
    "keychain-access-groups" =     (
        "388BS6T9AR.com.zjyu.gmz.jenkinsStu"
    );
}
2019-07-26 08:35:14 +0000 [MT] Writing entitlements for <IDEDistributionItem: 0x7fe1adb676a0 'com.zjyu.gmz.jenkinsStu' '<DVTFilePath:0x7fe1ade8fa60:'/Users/zjyn/Desktop/jenkinsArc/jenkinsStu/archive/jenkinsStu.xcarchive/Products/Applications/jenkinsStu.app'>'> to: /var/folders/xc/xsjqklxx4wq1k7xlhgy5llzr0000gn/T/XcodeDistPipeline.~~~j4kJ8X/entitlements~~~ehNC7Y
2019-07-26 08:35:14 +0000 [MT] Running /usr/bin/codesign '-vvv' '--force' '--sign' '25DCF142F5822CE177DD64F5AC3887746F9ADAB1' '--entitlements' '/var/folders/xc/xsjqklxx4wq1k7xlhgy5llzr0000gn/T/XcodeDistPipeline.~~~j4kJ8X/entitlements~~~ehNC7Y' '--preserve-metadata=identifier,flags,runtime' '/var/folders/xc/xsjqklxx4wq1k7xlhgy5llzr0000gn/T/XcodeDistPipeline.~~~j4kJ8X/Root/Payload/jenkinsStu.app'
2019-07-26 08:35:14 +0000  /var/folders/xc/xsjqklxx4wq1k7xlhgy5llzr0000gn/T/XcodeDistPipeline.~~~j4kJ8X/Root/Payload/jenkinsStu.app: signed app bundle with Mach-O thin (arm64) [com.zjyu.gmz.jenkinsStu]
2019-07-26 08:35:14 +0000 [MT] /usr/bin/codesign exited with 0
2019-07-26 08:35:14 +0000 [MT] Processing step: IDEDistributionZipODRItemStep
2019-07-26 08:35:14 +0000 [MT] Skipping step: IDEDistributionZipODRItemStep because it said so
2019-07-26 08:35:14 +0000 [MT] Processing step: IDEDistributionCreateIPAStep
2019-07-26 08:35:14 +0000 [MT] Running /usr/bin/ditto '-V' '-c' '-k' '--norsrc' '/var/folders/xc/xsjqklxx4wq1k7xlhgy5llzr0000gn/T/XcodeDistPipeline.~~~j4kJ8X/Root' '/var/folders/xc/xsjqklxx4wq1k7xlhgy5llzr0000gn/T/XcodeDistPipeline.~~~j4kJ8X/Packages/jenkinsStu.ipa'
2019-07-26 08:35:14 +0000  >>> Copying /var/folders/xc/xsjqklxx4wq1k7xlhgy5llzr0000gn/T/XcodeDistPipeline.~~~j4kJ8X/Root 
2019-07-26 08:35:14 +0000  copying file ./Payload/jenkinsStu.app/_CodeSignature/CodeResources ... 
2019-07-26 08:35:14 +0000  3895 bytes for ./Payload/jenkinsStu.app/_CodeSignature/CodeResources
copying file ./Payload/jenkinsStu.app/jenkinsStu ... 
2019-07-26 08:35:14 +0000  302752 bytes for ./Payload/jenkinsStu.app/jenkinsStu
2019-07-26 08:35:14 +0000  copying file ./Payload/jenkinsStu.app/Base.lproj/Main.storyboardc/UIViewController-BYZ-38-t0r.nib ... 
2019-07-26 08:35:14 +0000  916 bytes for ./Payload/jenkinsStu.app/Base.lproj/Main.storyboardc/UIViewController-BYZ-38-t0r.nib
copying file ./Payload/jenkinsStu.app/Base.lproj/Main.storyboardc/BYZ-38-t0r-view-8bC-Xf-vdC.nib ... 
2019-07-26 08:35:14 +0000  1136 bytes for ./Payload/jenkinsStu.app/Base.lproj/Main.storyboardc/BYZ-38-t0r-view-8bC-Xf-vdC.nib
copying file ./Payload/jenkinsStu.app/Base.lproj/Main.storyboardc/Info.plist ... 
258 bytes for ./Payload/jenkinsStu.app/Base.lproj/Main.storyboardc/Info.plist
2019-07-26 08:35:14 +0000  copying file ./Payload/jenkinsStu.app/Base.lproj/LaunchScreen.storyboardc/01J-lp-oVM-view-Ze5-6b-2t3.nib ... 
1136 bytes for ./Payload/jenkinsStu.app/Base.lproj/LaunchScreen.storyboardc/01J-lp-oVM-view-Ze5-6b-2t3.nib
copying file ./Payload/jenkinsStu.app/Base.lproj/LaunchScreen.storyboardc/UIViewController-01J-lp-oVM.nib ... 
2019-07-26 08:35:14 +0000  832 bytes for ./Payload/jenkinsStu.app/Base.lproj/LaunchScreen.storyboardc/UIViewController-01J-lp-oVM.nib
copying file ./Payload/jenkinsStu.app/Base.lproj/LaunchScreen.storyboardc/Info.plist ... 
258 bytes for ./Payload/jenkinsStu.app/Base.lproj/LaunchScreen.storyboardc/Info.plist
2019-07-26 08:35:14 +0000  copying file ./Payload/jenkinsStu.app/embedded.mobileprovision ... 
2019-07-26 08:35:14 +0000  12618 bytes for ./Payload/jenkinsStu.app/embedded.mobileprovision
copying file ./Payload/jenkinsStu.app/Info.plist ... 
2019-07-26 08:35:14 +0000  2425 bytes for ./Payload/jenkinsStu.app/Info.plist
copying file ./Payload/jenkinsStu.app/PkgInfo ... 
8 bytes for ./Payload/jenkinsStu.app/PkgInfo
2019-07-26 08:35:14 +0000 [MT] /usr/bin/ditto exited with 0
2019-07-26 08:35:14 +0000 [MT] Processing step: IDEDistributionAppStoreInformationStep
2019-07-26 08:35:14 +0000 [MT] Skipping step: IDEDistributionAppStoreInformationStep because it said so
2019-07-26 08:35:14 +0000 [MT] Processing step: IDEDistributionCreateManifestStep
